2025-11-24 18:04:44,292 - kripaa - INFO - ============================================================
2025-11-24 18:04:44,299 - kripaa - INFO - KRIPAA - Automated Exam Generation Pipeline
2025-11-24 18:04:44,301 - kripaa - INFO - ============================================================
2025-11-24 18:04:44,318 - kripaa - INFO - === Step 1: OCR Processing (PYQs) ===
2025-11-24 18:04:44,319 - kripaa - INFO - Found 5 PYQ PDF files
2025-11-24 18:04:44,320 - kripaa - INFO - Processing: PE11617.pdf
2025-11-24 18:04:44,322 - kripaa - INFO - Attempting Markdown Extraction for: C:\Users\praty\Desktop\GSoc\kaggle_submission\Kripaa\static\pyqs\PE11617.pdf
2025-11-24 18:05:08,396 - kripaa - INFO - Markdown Extraction: Extracted 33 questions.
2025-11-24 18:05:08,398 - kripaa - INFO - Populating database with 33 questions...
2025-11-24 18:05:08,489 - kripaa - INFO - Database population successful.
2025-11-24 18:05:08,491 - kripaa - INFO - Processing: PE11819.pdf
2025-11-24 18:05:08,492 - kripaa - INFO - Attempting Markdown Extraction for: C:\Users\praty\Desktop\GSoc\kaggle_submission\Kripaa\static\pyqs\PE11819.pdf
2025-11-24 18:05:26,032 - kripaa - INFO - Markdown Extraction: Extracted 26 questions.
2025-11-24 18:05:26,034 - kripaa - INFO - Populating database with 26 questions...
2025-11-24 18:05:26,045 - kripaa - INFO - Database population successful.
2025-11-24 18:05:26,048 - kripaa - INFO - Processing: PE1920.pdf
2025-11-24 18:05:26,049 - kripaa - INFO - Attempting Markdown Extraction for: C:\Users\praty\Desktop\GSoc\kaggle_submission\Kripaa\static\pyqs\PE1920.pdf
2025-11-24 18:05:43,574 - kripaa - INFO - Markdown Extraction: Extracted 26 questions.
2025-11-24 18:05:43,577 - kripaa - INFO - Populating database with 26 questions...
2025-11-24 18:05:43,586 - kripaa - INFO - Database population successful.
2025-11-24 18:05:43,588 - kripaa - INFO - Processing: PE21617.pdf
2025-11-24 18:05:43,590 - kripaa - INFO - Attempting Markdown Extraction for: C:\Users\praty\Desktop\GSoc\kaggle_submission\Kripaa\static\pyqs\PE21617.pdf
2025-11-24 18:06:13,075 - kripaa - INFO - Markdown Extraction: Extracted 34 questions.
2025-11-24 18:06:13,079 - kripaa - INFO - Populating database with 34 questions...
2025-11-24 18:06:13,085 - kripaa - INFO - Database population successful.
2025-11-24 18:06:13,086 - kripaa - INFO - Processing: PE21819.pdf
2025-11-24 18:06:13,087 - kripaa - INFO - Attempting Markdown Extraction for: C:\Users\praty\Desktop\GSoc\kaggle_submission\Kripaa\static\pyqs\PE21819.pdf
2025-11-24 18:06:31,840 - kripaa - INFO - Markdown Extraction: Extracted 26 questions.
2025-11-24 18:06:31,842 - kripaa - INFO - Populating database with 26 questions...
2025-11-24 18:06:31,849 - kripaa - INFO - Database population successful.
2025-11-24 18:06:31,851 - kripaa - INFO - PYQ OCR complete
2025-11-24 18:06:31,853 - kripaa - INFO - === Step 2: OCR Processing (Syllabus) ===
2025-11-24 18:06:31,855 - kripaa - INFO - Processing syllabus: HSHS3003.docx.pdf
2025-11-24 18:06:31,986 - kripaa - INFO - Extracted text/markdown from Syllabus PDF: C:\Users\praty\Desktop\GSoc\kaggle_submission\Kripaa\static\syllabus\HSHS3003.docx.pdf
2025-11-24 18:06:49,892 - kripaa - INFO - Extracted 28 syllabus topics from PDF: C:\Users\praty\Desktop\GSoc\kaggle_submission\Kripaa\static\syllabus\HSHS3003.docx.pdf
2025-11-24 18:06:49,894 - kripaa - INFO - Populating database with 28 syllabus topics...
2025-11-24 18:06:49,926 - kripaa - INFO - Syllabus database population successful. Added 18 topics.
2025-11-24 18:06:49,928 - kripaa - INFO - Syllabus OCR complete
2025-11-24 18:06:49,930 - kripaa - INFO - === Step 3: Question Normalization ===
2025-11-24 18:06:49,932 - kripaa - INFO - Starting Question Preprocessing...
2025-11-24 18:06:49,942 - kripaa - INFO - Found 145 pending raw questions.
2025-11-24 18:06:51,025 - kripaa - INFO - Created New Normalized Q 3aa7fd24-2282-49d5-a537-6e64b034fd3c
2025-11-24 18:06:52,141 - kripaa - INFO - Created New Normalized Q 887e3fea-872b-4a7b-8f59-8f1a331baa0c
2025-11-24 18:06:52,910 - kripaa - INFO - Created New Normalized Q c496aa15-05a5-4054-89dc-2bd1e30e081d
2025-11-24 18:06:54,245 - kripaa - INFO - Created New Normalized Q df36f6e0-92cf-4fbf-af98-d9fcdb446d1b
2025-11-24 18:06:55,075 - kripaa - INFO - Created New Normalized Q 5d8c098c-2e5a-4637-96e5-dad3eb59df6f
2025-11-24 18:06:56,280 - kripaa - INFO - Created New Normalized Q 26daf3ed-dc38-4e48-849d-0f2888463ecd
2025-11-24 18:06:57,500 - kripaa - INFO - Created New Normalized Q 837649e8-a029-410d-b905-d61cb99a5179
2025-11-24 18:06:58,406 - kripaa - INFO - Created New Normalized Q c17e3e6e-253c-45e9-a7d4-44011439649b
2025-11-24 18:06:59,765 - kripaa - INFO - Created New Normalized Q a9a6786f-92d6-4a23-acf6-435c7ae3cc76
2025-11-24 18:07:00,889 - kripaa - INFO - Created New Normalized Q 307c3aab-aa29-4c2c-bc12-ef95a284f3b8
2025-11-24 18:07:02,023 - kripaa - INFO - Created New Normalized Q a3faa494-e3a2-46d4-ade7-dabbd682485a
2025-11-24 18:07:03,158 - kripaa - INFO - Created New Normalized Q 72f413e2-953b-4a49-8b07-d4634a3c4f70
2025-11-24 18:07:04,278 - kripaa - INFO - Created New Normalized Q fc6e0663-3510-4c10-9c2b-dd46e5fb8b57
2025-11-24 18:07:05,440 - kripaa - INFO - Created New Normalized Q 9fbd66ad-7e5d-4950-81a6-0c54f5f2bc4e
2025-11-24 18:07:06,728 - kripaa - INFO - Created New Normalized Q 7ea8bafd-8d73-4d85-b358-54ce3e48c7c9
2025-11-24 18:07:07,822 - kripaa - INFO - Created New Normalized Q b42f40ae-d000-4cda-b6b2-88836b88f724
2025-11-24 18:07:08,933 - kripaa - INFO - Created New Normalized Q b5fce160-9443-4b3e-8af0-b53cbb82f691
2025-11-24 18:07:10,014 - kripaa - INFO - Created New Normalized Q b6b2317d-bb73-45db-b28f-f4659008e7cc
2025-11-24 18:07:10,809 - kripaa - INFO - Created New Normalized Q 4e59b990-c639-4ce8-9a63-fc85a875989d
2025-11-24 18:07:11,839 - kripaa - INFO - Created New Normalized Q 1ca32453-03eb-4651-a648-d0aca321a77a
2025-11-24 18:07:12,941 - kripaa - INFO - Created New Normalized Q b541774e-2b90-45e3-b9bc-7879ed6f929f
2025-11-24 18:07:14,094 - kripaa - INFO - Created New Normalized Q be5084ba-de67-46dd-83ab-ed9fa4661ef7
2025-11-24 18:07:15,413 - kripaa - INFO - Created New Normalized Q 2393f425-50eb-4687-b3e5-183bdc796791
2025-11-24 18:07:16,486 - kripaa - INFO - Created New Normalized Q 08e6d3ee-8abd-433b-8064-78d3e8a2e630
2025-11-24 18:07:17,696 - kripaa - INFO - Created New Normalized Q e61d5e4d-3422-456d-852e-fd2bf6b0436d
2025-11-24 18:07:18,480 - kripaa - INFO - Created New Normalized Q a406f6b0-a0a7-485a-aa36-f4a5065e8988
2025-11-24 18:07:19,610 - kripaa - INFO - Created New Normalized Q a4a12ee1-2f03-469f-8acc-da2514f2a8e7
2025-11-24 18:07:20,387 - kripaa - INFO - Created New Normalized Q 5131f118-4611-425a-94df-8be553b97f68
2025-11-24 18:07:21,276 - kripaa - INFO - Created New Normalized Q dc8538b7-3e80-4c6b-9694-6ec5154a9599
2025-11-24 18:07:22,354 - kripaa - INFO - Created New Normalized Q dbc6f511-e073-4bc0-b2bc-f56182966265
2025-11-24 18:07:23,458 - kripaa - INFO - Created New Normalized Q d0b99699-cab4-4116-9445-086d2021d14f
2025-11-24 18:07:24,651 - kripaa - INFO - Created New Normalized Q b7e8049d-ee54-4a85-b167-06ccec42dae1
2025-11-24 18:07:25,766 - kripaa - INFO - Created New Normalized Q 00f98f3d-c264-41ac-9a4a-4609c1d78edc
2025-11-24 18:07:27,242 - kripaa - INFO - Created New Normalized Q 3a50399e-31ca-4b42-abfe-7c0c45cdf262
2025-11-24 18:07:28,358 - kripaa - INFO - Created New Normalized Q 20020df8-a5b1-4aae-9064-01e9a9f606c3
2025-11-24 18:07:29,742 - kripaa - INFO - Created New Normalized Q f25b883d-e462-42a9-9d57-c641e45240f8
2025-11-24 18:07:30,514 - kripaa - INFO - Created New Normalized Q 4e1797b1-64a7-4f0b-9ba9-51a4106b588f
2025-11-24 18:07:31,737 - kripaa - INFO - Created New Normalized Q 9a6891df-1c5d-4d78-af4d-e68231c7af13
2025-11-24 18:07:33,000 - kripaa - INFO - Created New Normalized Q f4ffb876-9947-40ee-aaeb-9d0019c1a9d3
2025-11-24 18:07:34,135 - kripaa - INFO - Created New Normalized Q 46f2873b-3a7f-4eac-b418-6ee13a228463
2025-11-24 18:07:35,231 - kripaa - INFO - Created New Normalized Q 6f27f5ec-b67f-4ea3-8938-e729fa272f19
2025-11-24 18:07:36,004 - kripaa - INFO - Found vector duplicate: 72f413e2-953b-4a49-8b07-d4634a3c4f70 (Distance: 0.0498)
2025-11-24 18:07:36,006 - kripaa - INFO - Linked Raw Q 186ebcff-afc2-4a56-abc7-e7ecb653deb1 to Existing Normalized Q 72f413e2-953b-4a49-8b07-d4634a3c4f70
2025-11-24 18:07:37,070 - kripaa - INFO - Created New Normalized Q 7f5d21e0-f278-4cf4-bb9d-2c2746ddf62e
2025-11-24 18:07:38,444 - kripaa - INFO - Created New Normalized Q 43ae8f57-48ac-464f-98a1-96de5e184469
2025-11-24 18:07:39,581 - kripaa - INFO - Created New Normalized Q ff479b29-c6e3-4f05-bddf-d21ccfc29667
2025-11-24 18:07:40,380 - kripaa - INFO - Created New Normalized Q da0f5f67-1afb-4468-bc05-8529d2580942
2025-11-24 18:07:41,608 - kripaa - INFO - Created New Normalized Q b6e624aa-4b58-4826-902a-67dc37f2a1a1
2025-11-24 18:07:42,746 - kripaa - INFO - Created New Normalized Q ad86c7d8-71f1-4a23-8102-333fc947539a
2025-11-24 18:07:43,882 - kripaa - INFO - Created New Normalized Q 3373efaf-c4b8-40de-97b0-4dbc07bd0486
2025-11-24 18:07:45,128 - kripaa - INFO - Created New Normalized Q 20847f76-ce45-44c1-8fc0-0387cf5176e1
2025-11-24 18:07:46,219 - kripaa - INFO - Created New Normalized Q 71d7d45d-0c19-4ec7-86ba-3d2c259f2c79
2025-11-24 18:07:47,047 - kripaa - INFO - Created New Normalized Q f6aade6e-bd9b-4015-aa65-327b6261b481
2025-11-24 18:08:47,070 - kripaa - ERROR - Failed to generate embedding for Q 960adb34-3ce0-4bc1-ac5c-5871a014976e: Error embedding content: 504 Deadline Exceeded
2025-11-24 18:08:48,364 - kripaa - INFO - Created New Normalized Q c5c57ce2-770b-4f57-ab48-c4898b7bdc7d
2025-11-24 18:08:49,562 - kripaa - INFO - Created New Normalized Q b2caa92a-3ecb-45ac-8390-1678f7033017
2025-11-24 18:08:50,646 - kripaa - INFO - Created New Normalized Q 7ce16c31-7986-42d3-8c84-f68544a31c57
2025-11-24 18:08:51,808 - kripaa - INFO - Created New Normalized Q 41390824-08cf-4c65-85fe-f70c85bbe171
2025-11-24 18:08:53,029 - kripaa - INFO - Created New Normalized Q 554294da-c7d0-47e6-af70-daa316f63043
2025-11-24 18:08:54,295 - kripaa - INFO - Created New Normalized Q bebb3e40-9f88-4745-8ec6-d107442d7af0
2025-11-24 18:08:55,408 - kripaa - INFO - Created New Normalized Q 3b525114-98aa-45ae-859a-5afdf8aeeefc
2025-11-24 18:08:56,649 - kripaa - INFO - Created New Normalized Q c16131cb-078a-4945-a845-3bb057a83dd7
2025-11-24 18:08:57,797 - kripaa - INFO - Created New Normalized Q cf9ad941-bf0d-4f09-9f66-8577f1a5aee8
2025-11-24 18:08:58,899 - kripaa - INFO - Found exact string duplicate: 4e1797b1-64a7-4f0b-9ba9-51a4106b588f
2025-11-24 18:08:58,900 - kripaa - INFO - Linked Raw Q 424ee8f2-11a5-4701-99f2-d4f74771f0d5 to Existing Normalized Q 4e1797b1-64a7-4f0b-9ba9-51a4106b588f
2025-11-24 18:09:00,195 - kripaa - INFO - Created New Normalized Q f8d3363d-f7fe-4ef5-9996-2ba0e128d133
2025-11-24 18:09:01,471 - kripaa - INFO - Created New Normalized Q 669051c1-0272-4b9a-b218-1271bb6c4298
2025-11-24 18:09:02,575 - kripaa - INFO - Found vector duplicate: 46f2873b-3a7f-4eac-b418-6ee13a228463 (Distance: 0.0404)
2025-11-24 18:09:02,576 - kripaa - INFO - Linked Raw Q dd80de67-2285-47da-a13e-cddcc4e9c15c to Existing Normalized Q 46f2873b-3a7f-4eac-b418-6ee13a228463
2025-11-24 18:09:03,669 - kripaa - INFO - Created New Normalized Q 27af0de2-4596-4f83-876e-93666359450e
2025-11-24 18:09:04,867 - kripaa - INFO - Created New Normalized Q c0feb0d3-1d5b-485f-9f76-3f13639ffdb1
2025-11-24 18:09:05,685 - kripaa - INFO - Created New Normalized Q 3dacd50f-267e-4360-8b13-977e01dc0b41
2025-11-24 18:09:06,433 - kripaa - INFO - Created New Normalized Q 62c43f8b-91c1-4e71-b739-b2ba5a428798
2025-11-24 18:09:07,558 - kripaa - INFO - Created New Normalized Q 19a9668e-bcde-48de-9468-ebd10fb1520a
2025-11-24 18:09:08,666 - kripaa - INFO - Created New Normalized Q f16516ca-bff3-4bd2-b62f-91ce8f400feb
2025-11-24 18:09:09,833 - kripaa - INFO - Created New Normalized Q 689dc80a-08cb-4be7-b405-83890788e99f
2025-11-24 18:09:10,994 - kripaa - INFO - Found exact string duplicate: ad86c7d8-71f1-4a23-8102-333fc947539a
2025-11-24 18:09:10,995 - kripaa - INFO - Linked Raw Q 276c844f-c1e2-4797-a314-0d81371427e3 to Existing Normalized Q ad86c7d8-71f1-4a23-8102-333fc947539a
2025-11-24 18:09:12,535 - kripaa - INFO - Created New Normalized Q f1ec34ed-1641-477c-b1b6-849ff4b309ae
2025-11-24 18:09:13,742 - kripaa - INFO - Created New Normalized Q e4e0bf16-67f7-41a4-a094-b058a9db9f30
2025-11-24 18:09:14,903 - kripaa - INFO - Created New Normalized Q 969626d2-d231-4435-9b48-c9d8628130d8
2025-11-24 18:09:16,042 - kripaa - INFO - Created New Normalized Q c6d982de-99e8-4a69-90ba-3982d10d286e
2025-11-24 18:09:17,166 - kripaa - INFO - Found exact string duplicate: b2caa92a-3ecb-45ac-8390-1678f7033017
2025-11-24 18:09:17,167 - kripaa - INFO - Linked Raw Q c13ddacb-be92-432e-a9ad-0b79d721c72e to Existing Normalized Q b2caa92a-3ecb-45ac-8390-1678f7033017
2025-11-24 18:09:18,378 - kripaa - INFO - Found exact string duplicate: c5c57ce2-770b-4f57-ab48-c4898b7bdc7d
2025-11-24 18:09:18,379 - kripaa - INFO - Linked Raw Q c3c83f81-ba61-446f-950c-16ac34bb06ad to Existing Normalized Q c5c57ce2-770b-4f57-ab48-c4898b7bdc7d
2025-11-24 18:09:19,536 - kripaa - INFO - Created New Normalized Q 2d7be9e7-eecd-42fa-ac1d-8c30fba5d11c
2025-11-24 18:09:20,694 - kripaa - INFO - Created New Normalized Q 6e22a327-1129-4b93-8767-99e6691dbca6
2025-11-24 18:09:21,823 - kripaa - INFO - Created New Normalized Q 25a245ac-7606-401a-8e27-2c5106018dbc
2025-11-24 18:09:22,978 - kripaa - INFO - Created New Normalized Q 270144e4-a076-4057-8c61-65096f7693ba
2025-11-24 18:09:24,155 - kripaa - INFO - Created New Normalized Q c6c1c08a-bc77-4165-9c97-d482570043b1
2025-11-24 18:09:25,447 - kripaa - INFO - Created New Normalized Q fb772a58-55ef-4ab9-b23a-cd515b385b76
2025-11-24 18:09:26,509 - kripaa - INFO - Created New Normalized Q 9e87220b-8bec-452e-806a-e92bda2f3c76
2025-11-24 18:09:27,644 - kripaa - INFO - Created New Normalized Q 18dbfb16-aadc-4a29-b040-6cda7001e004
2025-11-24 18:09:28,831 - kripaa - INFO - Created New Normalized Q 62487cf5-4f08-4eee-9609-c4ea61dc2298
2025-11-24 18:09:29,984 - kripaa - INFO - Created New Normalized Q 21a08e7c-ea2e-4391-a6f0-a71e9192490c
2025-11-24 18:09:31,136 - kripaa - INFO - Created New Normalized Q 5ac9cfea-1a42-456d-b53c-35c7d057c58c
2025-11-24 18:09:32,421 - kripaa - INFO - Created New Normalized Q 90ab0abc-96e5-4678-8ef5-c5cadccd9182
2025-11-24 18:09:33,586 - kripaa - INFO - Created New Normalized Q db77b515-09d6-4e2d-9056-2676b851e46e
2025-11-24 18:09:34,694 - kripaa - INFO - Created New Normalized Q 683287f2-4c93-4724-b99a-b0e16706a1a8
2025-11-24 18:09:35,603 - kripaa - INFO - Created New Normalized Q 49219f22-a16a-4247-b102-8bc32be3a8d9
2025-11-24 18:09:36,732 - kripaa - INFO - Created New Normalized Q 4612214b-c72b-48be-8ea7-f1cece8253c4
2025-11-24 18:09:37,862 - kripaa - INFO - Created New Normalized Q c1b9b3db-ca26-4ac6-8f8d-5d751446ce48
2025-11-24 18:09:39,473 - kripaa - INFO - Created New Normalized Q 6ea93d5c-ddbd-4c9c-8520-223aa11fc0aa
2025-11-24 18:09:40,587 - kripaa - INFO - Created New Normalized Q c3ae539d-4f4f-46b3-b863-ae0609a2b1b7
2025-11-24 18:09:41,766 - kripaa - INFO - Created New Normalized Q a4241e11-b38b-4c05-b119-b05e1ec270d8
2025-11-24 18:09:42,861 - kripaa - INFO - Created New Normalized Q 2510ba86-cd74-4ee7-8073-8646213def35
2025-11-24 18:09:43,960 - kripaa - INFO - Created New Normalized Q a7f72dbc-63c9-44c3-8e5c-eac34f37b1d0
2025-11-24 18:09:45,090 - kripaa - INFO - Created New Normalized Q 90c3dc20-fb3c-479d-9fc5-1d06a2eda727
2025-11-24 18:09:46,181 - kripaa - INFO - Created New Normalized Q d581e3f3-68c0-4b1e-8a3a-144d150b32d9
2025-11-24 18:09:47,322 - kripaa - INFO - Created New Normalized Q a6dab1cb-cf7d-47b7-9b14-6480812d6bca
2025-11-24 18:09:48,435 - kripaa - INFO - Created New Normalized Q 8594a8ee-dff9-46b6-b61e-7c3666b7774f
2025-11-24 18:09:49,278 - kripaa - INFO - Created New Normalized Q 0363cc9f-bb79-466e-a844-852de03a25bc
2025-11-24 18:09:50,361 - kripaa - INFO - Created New Normalized Q 5d49bdd5-1ca1-48e3-8e2f-ca0cecb9ccea
2025-11-24 18:09:51,528 - kripaa - INFO - Created New Normalized Q 08b5afb2-d2a2-432b-a260-2da162247c4c
2025-11-24 18:09:52,559 - kripaa - INFO - Created New Normalized Q 31bdf90b-5a40-42b5-978d-1eebe7990f8d
2025-11-24 18:09:53,669 - kripaa - INFO - Created New Normalized Q d62030f4-5b08-40cc-bf2c-84e4ff07d6bb
2025-11-24 18:09:54,754 - kripaa - INFO - Created New Normalized Q d1b9e201-9483-41af-b6fa-ea5f8bee7d30
2025-11-24 18:09:56,036 - kripaa - INFO - Created New Normalized Q a7664728-7d62-4ce7-85c9-1a4de9d5683d
2025-11-24 18:09:57,154 - kripaa - INFO - Created New Normalized Q 9a9fb265-318e-477b-a418-0f385fb487aa
2025-11-24 18:09:57,955 - kripaa - INFO - Created New Normalized Q 42a484fe-51d9-4a8a-a2c5-5dd4cb6d13bb
2025-11-24 18:09:59,274 - kripaa - INFO - Created New Normalized Q caa8d37d-9da0-4c33-ac24-a4ba6b99fe4e
2025-11-24 18:10:00,379 - kripaa - INFO - Created New Normalized Q fb0f3b0a-d707-4e22-b159-b12001ea2027
2025-11-24 18:10:01,520 - kripaa - INFO - Created New Normalized Q 550ae23b-d935-49cb-9a1f-14e0f6f32335
2025-11-24 18:10:02,666 - kripaa - INFO - Created New Normalized Q 5678b0ad-1b2e-4571-bee9-84053f7967ab
2025-11-24 18:10:03,918 - kripaa - INFO - Created New Normalized Q 3ef615d9-4616-4f07-9429-76d57f38c25c
2025-11-24 18:10:04,990 - kripaa - INFO - Created New Normalized Q c83080e6-e3ec-49d4-8981-e78bd3907989
2025-11-24 18:10:06,191 - kripaa - INFO - Created New Normalized Q e2229b45-0efb-4bb9-86b6-b72c1db0676d
2025-11-24 18:10:07,291 - kripaa - INFO - Found exact string duplicate: 2393f425-50eb-4687-b3e5-183bdc796791
2025-11-24 18:10:07,293 - kripaa - INFO - Linked Raw Q bb81a9f0-b025-4ff1-b541-384517500656 to Existing Normalized Q 2393f425-50eb-4687-b3e5-183bdc796791
2025-11-24 18:10:08,420 - kripaa - INFO - Created New Normalized Q 53a51bdf-fe9c-4845-9f24-edb8217e1d0f
2025-11-24 18:10:09,524 - kripaa - INFO - Created New Normalized Q 12966fe2-fede-4e27-baa0-2d5caae0837d
2025-11-24 18:10:10,620 - kripaa - INFO - Found vector duplicate: 9a6891df-1c5d-4d78-af4d-e68231c7af13 (Distance: 0.0187)
2025-11-24 18:10:10,622 - kripaa - INFO - Linked Raw Q 135be162-1b02-4148-9a07-9ee455a4d447 to Existing Normalized Q 9a6891df-1c5d-4d78-af4d-e68231c7af13
2025-11-24 18:10:11,818 - kripaa - INFO - Created New Normalized Q 4eda5c96-8b6a-4979-a762-01d2b2c35f40
2025-11-24 18:10:12,943 - kripaa - INFO - Created New Normalized Q 7e438144-c689-43e9-997f-55099728cb5b
2025-11-24 18:10:14,368 - kripaa - INFO - Created New Normalized Q 29039bc1-89bd-4876-947c-a23b10a2da65
2025-11-24 18:10:15,510 - kripaa - INFO - Created New Normalized Q 1bef2626-4ad1-4008-ab2f-c10d624b0427
2025-11-24 18:10:16,649 - kripaa - INFO - Found exact string duplicate: 00f98f3d-c264-41ac-9a4a-4609c1d78edc
2025-11-24 18:10:16,651 - kripaa - INFO - Linked Raw Q 47240d01-5e98-4a66-bb1a-5d1e70bde9af to Existing Normalized Q 00f98f3d-c264-41ac-9a4a-4609c1d78edc
2025-11-24 18:10:17,818 - kripaa - INFO - Created New Normalized Q 2d943290-6576-450d-b537-c6548a7fef8b
2025-11-24 18:10:19,003 - kripaa - INFO - Created New Normalized Q 19fae602-6ff7-4fa6-889a-721b5f86efe0
2025-11-24 18:10:20,072 - kripaa - INFO - Created New Normalized Q 3fcc319f-049f-45df-b8b3-c01a357b9b71
2025-11-24 18:10:21,541 - kripaa - INFO - Created New Normalized Q 70bae8a7-49c7-4b3b-8d51-39fd6b45bd72
2025-11-24 18:10:22,628 - kripaa - INFO - Created New Normalized Q 217a8f5e-f1bc-483c-b434-8ee5d25517dc
2025-11-24 18:10:23,832 - kripaa - INFO - Created New Normalized Q d2f0b338-8aa9-4421-a948-990a7e9cd1ea
2025-11-24 18:10:25,031 - kripaa - INFO - Created New Normalized Q b69e77d8-31be-4bbe-9749-ec8f2cdeeab3
2025-11-24 18:10:26,142 - kripaa - INFO - Created New Normalized Q b5f69a70-4f57-4642-b7bb-e21a5fa2b992
2025-11-24 18:10:27,252 - kripaa - INFO - Created New Normalized Q 07482090-a154-4475-87e4-5cff345fb6e3
2025-11-24 18:10:28,773 - kripaa - INFO - Created New Normalized Q d85b995f-72d6-4c04-89a1-98e385b4e929
2025-11-24 18:10:29,523 - kripaa - INFO - Found vector duplicate: a406f6b0-a0a7-485a-aa36-f4a5065e8988 (Distance: 0.0224)
2025-11-24 18:10:29,525 - kripaa - INFO - Linked Raw Q aa38d91e-f565-4a02-871b-1e40e4791760 to Existing Normalized Q a406f6b0-a0a7-485a-aa36-f4a5065e8988
2025-11-24 18:10:30,642 - kripaa - INFO - Created New Normalized Q 628b5d02-9f33-44c7-be0a-b7b860c8b946
2025-11-24 18:10:31,815 - kripaa - INFO - Found vector duplicate: 1ca32453-03eb-4651-a648-d0aca321a77a (Distance: 0.0374)
2025-11-24 18:10:31,817 - kripaa - INFO - Linked Raw Q ad996b3a-bef6-4ff2-8b9a-f8793e5d2ac0 to Existing Normalized Q 1ca32453-03eb-4651-a648-d0aca321a77a
2025-11-24 18:10:33,041 - kripaa - INFO - Created New Normalized Q 30913eb1-baa9-4b36-9aae-86113c52acab
2025-11-24 18:10:33,046 - kripaa - INFO - Preprocessing complete. Processed 144 questions.
2025-11-24 18:10:33,048 - kripaa - INFO - ✓ Normalization complete
2025-11-24 18:10:33,050 - kripaa - INFO - === Step 4: Variant Detection ===
2025-11-24 18:10:33,051 - kripaa - INFO - Starting Variant Grouping...
2025-11-24 18:10:33,087 - kripaa - INFO - Found 133 ungrouped questions.
2025-11-24 18:10:33,101 - kripaa - INFO - Created Group af1438d9-d1f9-49ce-9948-7169c0fa1621 with 1 variants. Stem: ___________ ethics primarily denotes the study of ethically controversial issues, such as imposition of death penalty and cloning.
2025-11-24 18:10:33,111 - kripaa - INFO - Created Group c0609410-5787-4ebd-9e8e-b1cf74457282 with 1 variants. Stem: Moral Absolutism:
A) Global, strict and absolute rules on right and wrong according to ethical
conduct
B) Claims morality is context dependent and subjective there are no universal
right and wrongs that can be rationally determined
C) Right and wrong is objective and determined by the organisations culture
D) Claims there are eternal, universally applicable moral principles. Right and
wrong are objective qualities.
2025-11-24 18:10:33,118 - kripaa - INFO - Created Group 31e68d64-2f3b-41ff-a12e-ffbb7cdb3f85 with 1 variants. Stem: L. Kohlberg’s (1969) theory of Cognitive Moral Development:
A) Post-conventional, conventional, pre-conventional
B) Unrealistic, realistic, similar
C) Past, modern, post-modern
D) Moral, ethical, ethical theories
2025-11-24 18:10:33,125 - kripaa - INFO - Created Group 0e80804d-ee80-46ca-90d3-5dc4a1c74bd4 with 1 variants. Stem: _________ is a philosophy that puts human beings at the centre of the universe.
Their well-being is the priority. All other living and non-living things have
value only to the extent that they are of use to human beings.
2025-11-24 18:10:33,132 - kripaa - INFO - Created Group 7978bcfc-10a9-4e46-bef5-e08f85bb6887 with 1 variants. Stem: The cultural, organizational, community, interpersonal, or personal dynamics
that should be considered when making ethical and professional decisions are
referred to as:
A) Contextual Considerations
B) Personal Considerations
C) Ethical Considerations
D) Environmental Considerations
2025-11-24 18:10:33,141 - kripaa - INFO - Created Group 89101d31-225c-413c-86de-4ab03ffbdb80 with 1 variants. Stem: _______________ occur as a result of exploitation of clients, abuse of power,
coercion, deception, or misrepresentation.
2025-11-24 18:10:33,147 - kripaa - INFO - Created Group 95918a0d-4058-440a-b5c7-f56f5cee5a33 with 1 variants. Stem: Whistle blowing is the act of informing authorities of harmful, dangerous, or
illegal activities. (True/False)
2025-11-24 18:10:33,153 - kripaa - INFO - Created Group c94d029c-2196-4ff9-900c-1530a3fc5d52 with 1 variants. Stem: Which of the following statement(s) is/are true in the context of Engineering
Ethics:
A) Public safety and welfare must be the prime concern of professionals and
should not be compromised while designing and manufacturing products
and services.
B) Loyalty to employers must not come in the way of a professional resisting
an attempt to compromise on safety for the purpose of cutting costs or
increasing profits.
2025-11-24 18:10:33,159 - kripaa - INFO - Created Group d54262a5-e876-4d79-aae3-1ac5a08a4246 with 1 variants. Stem: Which of the following is a clause in The Institute of Engineers India (IEI)
Code of Ethics:
A) ‘…should reveal the existence of any interest, pecuniary or otherwise,
which may affect the judgement while giving an evidence or making a
statement.’
B) ‘to avoid real or perceived conflict of interest wherever possible and to
disclose them to affected parties when they do exist.’
C) ‘shall disclose all known and potential conflict of interest that could
influence or appear to influence their judgement or the quality of their
service.’
2025-11-24 18:10:33,168 - kripaa - INFO - Created Group 13e7bbc4-2fb3-4b91-afa6-b445a895002d with 1 variants. Stem: What is Industrial Espionage?
2025-11-24 18:10:33,175 - kripaa - INFO - Created Group e3b9e9d7-eb36-4084-ac13-f1f5d9977620 with 1 variants. Stem: How is Moral Pluralism different from Moral Relativism?
2025-11-24 18:10:33,181 - kripaa - INFO - Created Group 22258e27-f23d-4dfa-a6c3-4c975e68273f with 1 variants. Stem: What are the objectives of Value Education?
2025-11-24 18:10:33,187 - kripaa - INFO - Created Group 9215ed0d-5ad3-4e08-ada1-c3bb2a602126 with 1 variants. Stem: Write a few important features of Medical Professionals.
2025-11-24 18:10:33,192 - kripaa - INFO - Created Group 39d22c10-979f-487c-b8dd-22d6331dd634 with 1 variants. Stem: Write a short note on Ethical Hacking.
2025-11-24 18:10:33,200 - kripaa - INFO - Created Group 7043f230-b654-488e-b317-563e3616ec76 with 1 variants. Stem: What are the different strategies of Risk Management?
2025-11-24 18:10:37,002 - kripaa - INFO - Created Group bad33516-19ee-4b08-9a5e-4caa35a4110a with 2 variants. Stem: Distinguishing between Normative and Descriptive Ethics.
2025-11-24 18:10:37,013 - kripaa - INFO - Created Group 2845f0cd-06f8-46c3-a84e-fbf8ef4db1a8 with 1 variants. Stem: What are the issues involved with Globalization and MNCs?
2025-11-24 18:10:37,020 - kripaa - INFO - Created Group 29a70b8d-cb3e-47e9-9f0e-e39de2fff598 with 1 variants. Stem: What is Cybercrime? How does it affect the society as a whole?
2025-11-24 18:10:37,025 - kripaa - INFO - Created Group 54fffa1c-dd54-4906-80b3-60a7d8c6e311 with 1 variants. Stem: Compare and contrast the moral development theories of Kohlberg and
Piaget.
2025-11-24 18:10:41,988 - kripaa - INFO - Created Group edbc8660-af52-403a-ad02-6d2335e20032 with 2 variants. Stem: Canonical Concept Stem: Examine Deontology.
2025-11-24 18:10:45,865 - kripaa - INFO - Created Group dfa23edc-dbd9-4051-b188-a096b2f40f6e with 2 variants. Stem: Describe the nature and resolution of ethical dilemmas.
2025-11-24 18:10:45,870 - kripaa - INFO - Created Group e82306d0-41db-4de6-ac7c-577dcb34c416 with 1 variants. Stem: Which ethical theory is the best in your view and why? Explain with an
example.
2025-11-24 18:10:45,876 - kripaa - INFO - Created Group 8406549d-d5a3-4d79-a843-27057af1474f with 1 variants. Stem: Define Moral Autonomy?
2025-11-24 18:10:45,881 - kripaa - INFO - Created Group 9c2418ef-aa0b-4395-9cb7-ba5d9b675770 with 1 variants. Stem: Describe the Challenger disaster with the moral issues involved in
taking the decision to launch the vehicle.
2025-11-24 18:10:45,886 - kripaa - INFO - Created Group fb38f9ff-eedc-4b80-bc6f-e9cf1b5b0d3b with 1 variants. Stem: Explain the Bhopal Gas leak case with the ethical issues involveed and
the long drawn court case.
2025-11-24 18:10:45,895 - kripaa - INFO - Created Group 1c041ccb-3ef5-429b-9704-186264dca86e with 1 variants. Stem: Explain the concept of safe exit and how it should be implemented.
2025-11-24 18:10:45,901 - kripaa - INFO - Created Group 4f98fd8f-71dd-4782-860c-2b584a5e79c2 with 1 variants. Stem: News agencies sensationalize news for commercial reasons.’ Justify
your position with appropriate examples.
2025-11-24 18:10:45,907 - kripaa - INFO - Created Group abd571a0-2242-449d-b4e8-016e27bcf3a4 with 1 variants. Stem: Discuss the ethicality of euthanasia and under what circumstances can
it be considered an exceptional case.
2025-11-24 18:10:45,913 - kripaa - INFO - Created Group 2eb386a2-8e3c-44bb-9242-49210ea91e54 with 1 variants. Stem: Compare the codes of the IEI and NSPE, USA. Give your comments on
the provisions in these two codes.
2025-11-24 18:10:45,918 - kripaa - INFO - Created Group cf3786c4-e49a-4c6e-977c-2206fcf422a3 with 1 variants. Stem: What is Act Utilitarianism?
2025-11-24 18:10:45,924 - kripaa - INFO - Created Group 6f6ee9d1-5c70-4b72-b658-8be0650b44c1 with 1 variants. Stem: Write virtue theory.
2025-11-24 18:10:45,929 - kripaa - INFO - Created Group f4fa0d7f-9df1-4342-8c76-0bcd8036f587 with 1 variants. Stem: What do you mean by Meta ethics?
2025-11-24 18:10:49,338 - kripaa - INFO - Created Group 995fac00-c9ef-4c8d-8ef7-bd2c1cc0be59 with 2 variants. Stem: Describe Corporate governance.
2025-11-24 18:10:49,343 - kripaa - INFO - Created Group 814f14b0-bc04-49f8-9cc5-34fbcd1ae4a1 with 1 variants. Stem: Define Professional Accountability.
2025-11-24 18:10:53,447 - kripaa - INFO - Created Group e4b1a6bd-0b02-4cec-aad0-218c831538ee with 2 variants. Stem: Canonical Concept Stem: Understanding of Intellectual Property Rights (IPR)
2025-11-24 18:10:53,455 - kripaa - INFO - Created Group 6dd6bf46-82ba-4750-b0cb-5ec98fd20f94 with 1 variants. Stem: Establish a relationship between Safety and Risk
2025-11-24 18:10:53,460 - kripaa - INFO - Created Group c299d778-497c-45b8-a242-a5fdb7e33516 with 1 variants. Stem: Consequentialism
2025-11-24 18:10:59,037 - kripaa - INFO - Created Group b6282e57-ac9b-4725-b5fc-263da5b89398 with 2 variants. Stem: Characteristics and classifications of whistleblowing.
2025-11-24 18:10:59,043 - kripaa - INFO - Created Group 9aeec990-505c-47b8-ac57-975b7417e525 with 1 variants. Stem: Write a few common ethical problems in journalism.
2025-11-24 18:10:59,048 - kripaa - INFO - Created Group c62227c7-c643-425b-a159-9bfb2da74964 with 1 variants. Stem: What is Embezzlement?
2025-11-24 18:11:06,188 - kripaa - INFO - Created Group c1c15e11-3de9-4aca-b369-97158583ca77 with 2 variants. Stem: Engineering Ethics: Definition and Application.
2025-11-24 18:11:06,197 - kripaa - INFO - Joined Q b6e624aa-4b58-4826-902a-67dc37f2a1a1 to Existing Group dfa23edc-dbd9-4051-b188-a096b2f40f6e
2025-11-24 18:11:06,203 - kripaa - INFO - Created Group 88a9a71d-1d6e-479b-8aa1-de3aaf61e7e8 with 1 variants. Stem: Causes of accidents and preventive measures taken to reduce accident
2025-11-24 18:11:06,209 - kripaa - INFO - Created Group f3b74e53-08bf-4f05-829d-74634c6d9678 with 1 variants. Stem: Challenges in Environmental ethics
2025-11-24 18:11:10,203 - kripaa - INFO - Created Group 7ee02969-434c-408b-b931-5078bc0e35f9 with 2 variants. Stem: Discuss the meaning, significance, and limitations of Ethical Codes.
2025-11-24 18:11:15,096 - kripaa - INFO - Created Group 2aa6f260-65be-4955-be11-5c382c3761f1 with 2 variants. Stem: Classification and significance of types of enquiry.
2025-11-24 18:11:15,102 - kripaa - INFO - Created Group db96ed7f-c8b4-4f45-b14a-1d05f685786a with 1 variants. Stem: Descriptive relativism and Subjective relativism
2025-11-24 18:11:15,108 - kripaa - INFO - Created Group 36f44fc8-765e-4c1a-abdb-37740ae196c3 with 1 variants. Stem: Describe the Moral development theory of L. Kohlberg with a neat sketch. **(16)**
2025-11-24 18:11:15,115 - kripaa - INFO - Created Group 9deafa1f-f325-41b7-a2b3-486daddbf16d with 1 variants. Stem: What is the purpose of Engineering Ethics? Describe Engineering as a social **(16)**
experimentation.
2025-11-24 18:11:21,890 - kripaa - INFO - Created Group 8773aa24-d262-4467-a90e-2c9f2f796479 with 2 variants. Stem: Canonical Concept Stem: Critically evaluate the professional responsibilities and duties of an individual towards relevant stakeholders.
2025-11-24 18:11:27,025 - kripaa - INFO - Created Group 7a60de29-8ba7-4620-9026-8f1820792e6c with 2 variants. Stem: Analyze global ethical issues that pose threats to social development.
2025-11-24 18:11:27,031 - kripaa - INFO - Created Group 38ebe6f8-a6e5-4139-a763-425fe981c3f6 with 1 variants. Stem: What is Rule Utilitarianism?
2025-11-24 18:11:27,036 - kripaa - INFO - Created Group f9d1935a-e06c-4287-9ea1-fa02102cdc04 with 1 variants. Stem: What do you mean by Descriptive Ethics?
2025-11-24 18:11:30,483 - kripaa - INFO - Created Group 8e580f8f-8dd9-4556-b7cc-ea39df857643 with 2 variants. Stem: Differentiating between a professional and a craftsman.
2025-11-24 18:11:30,491 - kripaa - INFO - Created Group 3a54b445-a9c8-41d3-a299-992d8f5f89e2 with 1 variants. Stem: What is Phishing?
2025-11-24 18:11:30,498 - kripaa - INFO - Created Group 4a5dfff5-e3c1-462f-9318-10c01cec5ce2 with 1 variants. Stem: What are the similarities in engineering and other scientific experiments?
2025-11-24 18:11:30,503 - kripaa - INFO - Created Group d419c8c6-66f2-4ca4-ac1a-1e155f93ab20 with 1 variants. Stem: Write down the different roles of media (minimum four).
2025-11-24 18:11:30,510 - kripaa - INFO - Joined Q 27af0de2-4596-4f83-876e-93666359450e to Existing Group b6282e57-ac9b-4725-b5fc-263da5b89398
2025-11-24 18:11:30,516 - kripaa - INFO - Created Group da11fc4d-2dcb-43fe-90ae-4fd0824661e4 with 1 variants. Stem: What are the major skills required for an engineering professional?
2025-11-24 18:11:30,523 - kripaa - INFO - Created Group 328094ed-d61f-4e6f-80fe-a301e5c855bf with 1 variants. Stem: What is understood by Objective responsibility?
2025-11-24 18:11:30,530 - kripaa - INFO - Created Group 0e43e6e1-0962-4ce9-a11b-1c6460864573 with 1 variants. Stem: What is Risk-Benefit analysis?
2025-11-24 18:11:30,537 - kripaa - INFO - Created Group edbf9fe8-d2eb-444c-a072-9689b919607c with 1 variants. Stem: Determinants of Individual’s value system
2025-11-24 18:11:30,543 - kripaa - INFO - Created Group f321f74e-6af5-4e5c-a922-31414c8fb5f0 with 1 variants. Stem: Aristotelianism
2025-11-24 18:11:36,974 - kripaa - INFO - Created Group 7397d1f1-ef63-46b0-93d8-70722adcfa9e with 2 variants. Stem: Professional Risks and Accountability
2025-11-24 18:11:36,986 - kripaa - INFO - Joined Q 969626d2-d231-4435-9b48-c9d8628130d8 to Existing Group c1c15e11-3de9-4aca-b369-97158583ca77
2025-11-24 18:11:41,451 - kripaa - INFO - Created Group e2ea6d0e-28aa-47d9-add4-cd113247786a with 2 variants. Stem: Canonical Concept Stem: The concept of Bioethics.
2025-11-24 18:11:41,457 - kripaa - INFO - Created Group 4ed5fda7-7079-4be6-b415-3e807567ba34 with 1 variants. Stem: Roles and responsibilities of an Engineer
2025-11-24 18:11:41,463 - kripaa - INFO - Created Group 829da859-5fbe-4b3a-b054-1f835ecb7145 with 1 variants. Stem: Moral Absolutism
2025-11-24 18:11:41,468 - kripaa - INFO - Created Group bf0683d4-3979-4bf2-ac0d-17aeb0dc1b4a with 1 variants. Stem: Underestimating and overestimating Risk
2025-11-24 18:11:41,473 - kripaa - INFO - Created Group 1dd03a6f-ef1e-41c5-8db0-a3f3ff86b895 with 1 variants. Stem: Describe the Jean Piaget’s theory of moral development by mentioning the thought
process of two groups of children on different aspects.
2025-11-24 18:11:41,480 - kripaa - INFO - Created Group d67facb6-bab4-47a4-9cfd-d52c7c3bedcf with 1 variants. Stem: The philosophical view that gives equal importance to all living forms
and recognizes their right can be called_______________.
2025-11-24 18:11:41,487 - kripaa - INFO - Created Group b2d1f570-0977-4930-91de-76362cb3c109 with 1 variants. Stem: Write two differences between Stalking and Embezzlement.
2025-11-24 18:11:41,492 - kripaa - INFO - Created Group 5a8d5b54-0892-4421-a37d-7482d0b4da01 with 1 variants. Stem: Which is the world’s largest professional association dedicated to
advancing technological innovation and excellence for the benefits of
humanity?

a. American Society for mechanical engineers
b. American Society of Civil Engineers
c. Institute of Electrical and Electronics Engineers
d. Computer Society of India
2025-11-24 18:11:41,500 - kripaa - INFO - Created Group bd2393fc-fba7-460a-bc0c-ea5cec018759 with 1 variants. Stem: Which Model beliefs that individuals are born with a general Emotional
Intelligence that determines their potential for learning emotional
competencies?
2025-11-24 18:11:41,506 - kripaa - INFO - Created Group 12b52f5f-5a3b-4285-ae1d-f492e3980520 with 1 variants. Stem: The objective of Professional associations is to develop a code of
conduct for professionals practicing the profession to maintain the
dignity and honour of the profession.
2025-11-24 18:11:41,514 - kripaa - INFO - Created Group 480f0778-3f5f-4d9a-9279-d424b0edceee with 1 variants. Stem: “A duty to recompense someone if we have acted wrongly towards
them ” is

a. Duty of Self-improvement
b. Duty of Justice
c. Duty of reparation
d. Duty of beneficence
2025-11-24 18:11:41,519 - kripaa - INFO - Created Group 5b51da70-b97d-450d-91b3-6c083ff25d1e with 1 variants. Stem: Which theory suggests that the best way to solve a current ethical
problem is to compare it with similar problems from the past and their
outcomes?

a. Rights Theory
b. Casuist Theory
c. Virtue Theory
d. Duty Theory
2025-11-24 18:11:41,525 - kripaa - INFO - Created Group 27ab2def-cc63-444d-b483-f3dabc87b3f4 with 1 variants. Stem: An engineering professional should have a rigid attitude towards people
and situations. (True/False)
2025-11-24 18:11:41,532 - kripaa - INFO - Created Group a856e7a3-a39c-4091-9315-f573fe465cf3 with 1 variants. Stem: _____________ is the illegal intrusion into another computer system by
posing as a genuine user and committing a variety of crimes with such
illegal access.
2025-11-24 18:11:41,538 - kripaa - INFO - Created Group 5c9a3513-d0be-4ef4-b0dc-5928486d6b7e with 1 variants. Stem: Which of the following statement(s) is/are true in the context of an
Ethics Audit?

a. To evaluate the ethical policy documents of the organization for

adequacy and completeness.
b. To compare the ethical standards set by the organization with

that of other leading organizations of comparable nature and size.
c. Both of the Above
d. None of the Above
2025-11-24 18:11:41,546 - kripaa - INFO - Created Group ba28f54d-5a23-4243-b366-268d7c1a04ff with 1 variants. Stem: Define Ethics.
2025-11-24 18:11:41,551 - kripaa - INFO - Created Group 248480b3-247d-43fd-978b-f72e52a53be0 with 1 variants. Stem: Differentiate Conceptual Enquiry from Normative Enquiry.
2025-11-24 18:11:41,558 - kripaa - INFO - Created Group 65b28dfc-df13-4024-b7cf-a895205f6256 with 1 variants. Stem: State two fundamental Duties of an Indian Citizen.
2025-11-24 18:11:41,563 - kripaa - INFO - Created Group 74d55e87-26e3-47b4-868a-5e5eb99b44b7 with 1 variants. Stem: What is Anthropocentrism?
2025-11-24 18:11:41,569 - kripaa - INFO - Created Group c3ad2a30-6efb-4f73-8a54-9e5a1d58460d with 1 variants. Stem: Write a short note on Piaget’s Morality of Constraint.
2025-11-24 18:11:41,576 - kripaa - INFO - Created Group 93fcca65-0b7c-4a9f-a795-dcf09bdd1704 with 1 variants. Stem: What are the key responsibilities of Professionals?
2025-11-24 18:11:41,582 - kripaa - INFO - Created Group 16aa35c2-1601-4bf1-b23d-dad5cd4b7eae with 1 variants. Stem: Mention two codes of Ethics of the IEEE.
2025-11-24 18:11:41,588 - kripaa - INFO - Created Group 8dc61da0-f09e-43ca-a23e-e95926898ceb with 1 variants. Stem: What is Surrogacy? Write two ethical issues related to Surrogacy?
2025-11-24 18:11:41,594 - kripaa - INFO - Created Group d4b2fa25-7e75-46b1-b8fa-6718e4183d7e with 1 variants. Stem: Define and explain the term emotional intelligence. Explain why it is
important.
2025-11-24 18:11:41,600 - kripaa - INFO - Created Group 3f23b1a9-ae5f-4499-88ba-b8dca71fc3cc with 1 variants. Stem: What are the main functions of WTO?
2025-11-24 18:11:41,606 - kripaa - INFO - Created Group 3cf23665-8eb4-46b4-8bdb-a3753d426317 with 1 variants. Stem: Compare the major ethical theories to bring out the similarities and
differences among them.
2025-11-24 18:11:41,612 - kripaa - INFO - Created Group de1a2e44-1637-4089-ad71-a760f4c69194 with 1 variants. Stem: Explain the variety of Moral Issues.
2025-11-24 18:11:41,618 - kripaa - INFO - Created Group ab775d7e-cde5-4375-8f4f-a9c3f3f126fd with 1 variants. Stem: Give your views on regulatory mechanisms to limit the development of
products and services in engineering.
2025-11-24 18:11:41,624 - kripaa - INFO - Created Group 8f8156db-6db2-46ed-ab82-59df4d3391a8 with 1 variants. Stem: What are Moral Dilemmas?
2025-11-24 18:11:41,631 - kripaa - INFO - Created Group d05c0c8f-a82b-481a-940c-d79f60876a0b with 1 variants. Stem: List the major problems in Environmental Ethics. As an individual, list
the steps that you can take to save the environment.
2025-11-24 18:11:41,639 - kripaa - INFO - Created Group a29c5f6a-ab04-427f-b93b-3b2bafbfa619 with 1 variants. Stem: What do you mean by professional Obligations?
2025-11-24 18:11:41,645 - kripaa - INFO - Created Group 65ad4c4a-fcca-4b3c-8568-4e7041fa94dd with 1 variants. Stem: Explain any one nuclear disaster, such as the Three Mile Island or the
Chernobyl Nuclear Disaster, with the ethical issues involved.
2025-11-24 18:11:41,651 - kripaa - INFO - Created Group 824baced-efe3-46e8-a083-72dca6eebbeb with 1 variants. Stem: Write Short Notes: a. MNCs, b. Hacking
2025-11-24 18:11:41,658 - kripaa - INFO - Created Group 6b20f68c-4e7b-42ba-81c1-e82d4170d28f with 1 variants. Stem: List the six freedoms guaranteed in the constitution. Under what
circumstances can these freedoms be suspended.
2025-11-24 18:11:41,663 - kripaa - INFO - Created Group fa38f6c9-2d42-4eab-9e81-32379960b1dc with 1 variants. Stem: Write briefly about Engineering as Social Experimentation.
2025-11-24 18:11:41,671 - kripaa - INFO - Joined Q 5678b0ad-1b2e-4571-bee9-84053f7967ab to Existing Group e4b1a6bd-0b02-4cec-aad0-218c831538ee
2025-11-24 18:11:41,677 - kripaa - INFO - Created Group 70622dbf-d5f2-4562-b1b4-0dbe3174ff7d with 1 variants. Stem: Providing for safety increases the cost. Give arguments in favour of and
against incurring extra cost on safety measures.
2025-11-24 18:11:41,684 - kripaa - INFO - Created Group a58d17c7-ebb8-477b-9d12-736e9c7ee923 with 1 variants. Stem: How morality is different from ethics?
2025-11-24 18:11:41,689 - kripaa - INFO - Created Group 35c4fb86-255e-4485-aecc-eb3bbda1146c with 1 variants. Stem: How does bribe differ from gift? Does codes of ethics encourages gift?
2025-11-24 18:11:41,694 - kripaa - INFO - Created Group e64416d9-4c66-4cbb-ab51-1141e43b38d4 with 1 variants. Stem: Write IEEE and CSI. Why these professional associations are important?
2025-11-24 18:11:41,701 - kripaa - INFO - Created Group 18edcea7-83b1-479c-86a1-324f5b9e3a5b with 1 variants. Stem: Write the factors for safety and risk.
2025-11-24 18:11:41,708 - kripaa - INFO - Created Group 12e2e0bf-2bde-4a7b-afc0-629a31a6d74a with 1 variants. Stem: Define empathy and spirituality.
2025-11-24 18:11:41,714 - kripaa - INFO - Created Group 6d0fbab1-f7a0-4f31-af32-e90e95f0df73 with 1 variants. Stem: Distinguish between personal ethics and professional ethics.
2025-11-24 18:11:41,720 - kripaa - INFO - Created Group dff42ccf-dbd3-4888-95bc-422dd5287153 with 1 variants. Stem: Explain the need for ethical codes for professionals.
2025-11-24 18:11:41,726 - kripaa - INFO - Created Group 74b27d09-1999-4f76-8fb4-4a138fa2714e with 1 variants. Stem: Explain the principles of risk management. Analyze two important methods of risk
identification.
2025-11-24 18:11:41,733 - kripaa - INFO - Created Group 37360fd4-2d9a-47b0-ba9b-91ee08fd05d7 with 1 variants. Stem: Differentiate between technology transfer and appropriate technology through
examples.
2025-11-24 18:11:41,739 - kripaa - INFO - Created Group 0df64b72-5e0f-4d92-853d-b5f9b7c6c67f with 1 variants. Stem: Explain collegiality and loyalty.
2025-11-24 18:11:41,745 - kripaa - INFO - Created Group 071d9fbc-8cb5-4171-ad3f-e1957e0f8eb7 with 1 variants. Stem: Explain professional rights.
2025-11-24 18:11:41,750 - kripaa - INFO - Created Group 0d512864-5929-48b7-9ea3-f236f0b6b763 with 1 variants. Stem: Analyze environmental ethics.
2025-11-24 18:11:41,756 - kripaa - INFO - Created Group 04909fbf-0bd4-4f8e-ab51-50f8a4432bf6 with 1 variants. Stem: Analyze the steps of in confronting moral dilemmas.
2025-11-24 18:11:41,763 - kripaa - INFO - Created Group 9a1c6bac-162c-4fbd-912a-e1220bd498f8 with 1 variants. Stem: Explain with example the various ethical theories available for ‘right of action’.
2025-11-24 18:11:41,768 - kripaa - INFO - Created Group f35f3e4d-618e-4faf-9d44-125e55687453 with 1 variants. Stem: Analyze the different types of conflicts of interest.
2025-11-24 18:11:41,774 - kripaa - INFO - Created Group 1d2fc72c-f6be-4097-8727-f2a616623879 with 1 variants. Stem: Discuss the various types of Intellectual Property Rights? Write the benefits of IPR.
2025-11-24 18:11:41,780 - kripaa - INFO - Created Group e85f51ec-5961-4ea8-b3a4-93487c409fe1 with 1 variants. Stem: Describe professionalism is a trait of professionals. Discuss the competencies and
expectations from a professional.
2025-11-24 18:11:41,784 - kripaa - INFO - Grouping complete. Created 115 groups, Updated 4 groups.
2025-11-24 18:11:41,785 - kripaa - INFO - ✓ Variant detection complete
2025-11-24 18:11:41,788 - kripaa - INFO - === Step 5: Syllabus Mapping ===
2025-11-24 18:11:41,789 - kripaa - INFO - Starting Syllabus Enrichment (Embeddings)...
2025-11-24 18:11:41,793 - kripaa - INFO - Found 18 syllabus nodes needing embeddings.
2025-11-24 18:11:52,487 - kripaa - INFO - Enriched 10 syllabus nodes.
2025-11-24 18:12:01,240 - kripaa - INFO - Enriched 18 syllabus nodes.
2025-11-24 18:12:01,242 - kripaa - INFO - Starting Variant Group Enrichment (Embeddings)...
2025-11-24 18:12:01,247 - kripaa - INFO - Found 115 variant groups needing embeddings.
2025-11-24 18:12:12,105 - kripaa - INFO - Enriched 10 variant groups.
2025-11-24 18:12:23,870 - kripaa - INFO - Enriched 20 variant groups.
2025-11-24 18:12:34,906 - kripaa - INFO - Enriched 30 variant groups.
2025-11-24 18:12:46,230 - kripaa - INFO - Enriched 40 variant groups.
2025-11-24 18:12:56,648 - kripaa - INFO - Enriched 50 variant groups.
2025-11-24 18:13:07,342 - kripaa - INFO - Enriched 60 variant groups.
2025-11-24 18:13:18,141 - kripaa - INFO - Enriched 70 variant groups.
2025-11-24 18:13:28,478 - kripaa - INFO - Enriched 80 variant groups.
2025-11-24 18:13:39,650 - kripaa - INFO - Enriched 90 variant groups.
2025-11-24 18:13:49,904 - kripaa - INFO - Enriched 100 variant groups.
2025-11-24 18:14:00,301 - kripaa - INFO - Enriched 110 variant groups.
2025-11-24 18:14:05,292 - kripaa - INFO - Enriched 115 variant groups.
2025-11-24 18:14:05,294 - kripaa - INFO - Starting Question Mapping...
2025-11-24 18:14:05,321 - kripaa - INFO - Found 115 unmapped variant groups.
2025-11-24 18:14:05,331 - kripaa - INFO - Mapped Group 'Characteristics and classifica...' -> 'Different ethical issues' (Score: 0.49 | Tier: 0.4)
2025-11-24 18:14:05,333 - kripaa - INFO - Mapped Group 'What is Industrial Espionage?...' -> 'Purpose and concept of Engineering Ethics' (Score: 0.50 | Tier: 0.4)
2025-11-24 18:14:05,335 - kripaa - INFO - Mapped Group 'What are the objectives of Val...' -> 'Governing factors of an individual's value system' (Score: 0.58 | Tier: 0.5)
2025-11-24 18:14:05,336 - kripaa - INFO - Mapped Group 'What are the issues involved w...' -> 'Different ethical issues' (Score: 0.50 | Tier: 0.5)
2025-11-24 18:14:05,338 - kripaa - INFO - Mapped Group 'What is Cybercrime? How does i...' -> 'Different ethical issues' (Score: 0.47 | Tier: 0.4)
2025-11-24 18:14:05,340 - kripaa - INFO - Mapped Group 'Write a short note on Ethical ...' -> 'Purpose and concept of Engineering Ethics' (Score: 0.60 | Tier: 0.6)
2025-11-24 18:14:05,342 - kripaa - INFO - Mapped Group 'Compare and contrast the moral...' -> 'Moral development theories of Kohlberg and Piaget' (Score: 0.87 | Tier: 0.75)
2025-11-24 18:14:05,343 - kripaa - INFO - Mapped Group 'What are the different strateg...' -> 'Safety, Risk, Understanding the risk, Over estimating the risk, Risk-benefit analysis' (Score: 0.55 | Tier: 0.5)
2025-11-24 18:14:05,344 - kripaa - INFO - Mapped Group 'Write a few important features...' -> 'Clarification of the concepts' (Score: 0.59 | Tier: 0.5)
2025-11-24 18:14:05,346 - kripaa - INFO - Mapped Group 'Distinguishing between Normati...' -> 'Ethical terms' (Score: 0.60 | Tier: 0.6)
2025-11-24 18:14:05,351 - kripaa - INFO - Mapped Group 'How is Moral Pluralism differe...' -> 'Ethical terms' (Score: 0.68 | Tier: 0.65)
2025-11-24 18:14:05,353 - kripaa - INFO - Mapped Group 'Canonical Concept Stem: Examin...' -> 'Ethical Theories' (Score: 0.68 | Tier: 0.65)
2025-11-24 18:14:05,354 - kripaa - INFO - Mapped Group 'Explain the concept of safe ex...' -> 'Safety, Risk, Understanding the risk, Over estimating the risk, Risk-benefit analysis' (Score: 0.48 | Tier: 0.4)
2025-11-24 18:14:05,356 - kripaa - INFO - Mapped Group 'Compare the codes of the IEI a...' -> 'Meaning and the significance of ethical codes' (Score: 0.54 | Tier: 0.5)
2025-11-24 18:14:05,358 - kripaa - INFO - Mapped Group 'News agencies sensationalize n...' -> 'Different ethical issues' (Score: 0.39 | Tier: 0.3)
2025-11-24 18:14:05,359 - kripaa - INFO - Mapped Group 'Write virtue theory....' -> 'Ethical Theories' (Score: 0.63 | Tier: 0.6)
2025-11-24 18:14:05,361 - kripaa - INFO - Mapped Group 'Define Moral Autonomy?...' -> 'Ethical terms' (Score: 0.59 | Tier: 0.5)
2025-11-24 18:14:05,363 - kripaa - INFO - Mapped Group 'Describe the Challenger disast...' -> 'Issues in engineering ethics' (Score: 0.57 | Tier: 0.5)
2025-11-24 18:14:05,364 - kripaa - INFO - Mapped Group 'Discuss the ethicality of euth...' -> 'Ethical terms' (Score: 0.53 | Tier: 0.5)
2025-11-24 18:14:05,366 - kripaa - INFO - Mapped Group 'What is Act Utilitarianism?...' -> 'Ethical Theories' (Score: 0.55 | Tier: 0.5)
2025-11-24 18:14:05,370 - kripaa - INFO - Mapped Group 'Which ethical theory is the be...' -> 'Ethical Theories' (Score: 0.68 | Tier: 0.65)
2025-11-24 18:14:05,371 - kripaa - INFO - Mapped Group 'Explain the Bhopal Gas leak ca...' -> 'Issues in engineering ethics' (Score: 0.56 | Tier: 0.5)
2025-11-24 18:14:05,373 - kripaa - INFO - Mapped Group 'Establish a relationship betwe...' -> 'Safety, Risk, Understanding the risk, Over estimating the risk, Risk-benefit analysis' (Score: 0.69 | Tier: 0.65)
2025-11-24 18:14:05,375 - kripaa - INFO - Mapped Group 'Define Professional Accountabi...' -> 'Clarification of the concepts' (Score: 0.69 | Tier: 0.65)
2025-11-24 18:14:05,376 - kripaa - INFO - Mapped Group 'Causes of accidents and preven...' -> 'Causes of an accident and identification of the preventive measures to be taken' (Score: 0.80 | Tier: 0.75)
2025-11-24 18:14:05,378 - kripaa - INFO - Mapped Group 'Describe Corporate governance....' -> 'Meaning and the significance of ethical codes' (Score: 0.55 | Tier: 0.5)
2025-11-24 18:14:05,380 - kripaa - INFO - Mapped Group 'Write a few common ethical pro...' -> 'Different ethical issues' (Score: 0.57 | Tier: 0.5)
2025-11-24 18:14:05,382 - kripaa - INFO - Mapped Group 'Consequentialism...' -> 'Ethical Theories' (Score: 0.64 | Tier: 0.6)
2025-11-24 18:14:05,383 - kripaa - INFO - Mapped Group 'What is Embezzlement?...' -> 'Meaning and the significance of ethical codes' (Score: 0.45 | Tier: 0.4)
2025-11-24 18:14:05,384 - kripaa - INFO - Mapped Group 'Describe the nature and resolu...' -> 'Ethical terms' (Score: 0.66 | Tier: 0.65)
2025-11-24 18:14:05,389 - kripaa - INFO - Mapped Group 'Challenges in Environmental et...' -> 'Different ethical issues' (Score: 0.62 | Tier: 0.6)
2025-11-24 18:14:05,391 - kripaa - INFO - Mapped Group 'What do you mean by Meta ethic...' -> 'Ethical terms' (Score: 0.59 | Tier: 0.5)
2025-11-24 18:14:05,392 - kripaa - INFO - Mapped Group 'Classification and significanc...' -> 'Types of inquiry' (Score: 0.84 | Tier: 0.75)
2025-11-24 18:14:05,394 - kripaa - INFO - Mapped Group 'Describe the Moral development...' -> 'Moral development theories of Kohlberg and Piaget' (Score: 0.78 | Tier: 0.75)
2025-11-24 18:14:05,395 - kripaa - INFO - Mapped Group 'Discuss the meaning, significa...' -> 'Meaning and the significance of ethical codes' (Score: 0.84 | Tier: 0.75)
2025-11-24 18:14:05,397 - kripaa - INFO - Mapped Group 'Engineering Ethics: Definition...' -> 'Purpose and concept of Engineering Ethics' (Score: 0.87 | Tier: 0.75)
2025-11-24 18:14:05,399 - kripaa - INFO - Mapped Group 'Descriptive relativism and Sub...' -> 'Ethical terms' (Score: 0.53 | Tier: 0.5)
2025-11-24 18:14:05,400 - kripaa - INFO - Mapped Group 'Canonical Concept Stem: Unders...' -> 'Different ethical issues' (Score: 0.54 | Tier: 0.5)
2025-11-24 18:14:05,402 - kripaa - INFO - Mapped Group 'What is Risk-Benefit analysis?...' -> 'Safety, Risk, Understanding the risk, Over estimating the risk, Risk-benefit analysis' (Score: 0.68 | Tier: 0.65)
2025-11-24 18:14:05,403 - kripaa - INFO - Mapped Group 'What is understood by Objectiv...' -> 'Clarification of the concepts' (Score: 0.50 | Tier: 0.5)
2025-11-24 18:14:05,408 - kripaa - INFO - Mapped Group 'What is Rule Utilitarianism?...' -> 'Ethical Theories' (Score: 0.60 | Tier: 0.5)
2025-11-24 18:14:05,409 - kripaa - INFO - Mapped Group 'What is Phishing?...' -> 'Different ethical issues' (Score: 0.35 | Tier: 0.3)
2025-11-24 18:14:05,411 - kripaa - INFO - Mapped Group 'Describe the Jean Piaget’s the...' -> 'Moral development theories of Kohlberg and Piaget' (Score: 0.78 | Tier: 0.75)
2025-11-24 18:14:05,413 - kripaa - INFO - Mapped Group 'Roles and responsibilities of ...' -> 'Purpose and concept of Engineering Ethics' (Score: 0.59 | Tier: 0.5)
2025-11-24 18:14:05,415 - kripaa - INFO - Mapped Group 'Which is the world’s largest p...' -> 'Purpose and concept of Engineering Ethics' (Score: 0.42 | Tier: 0.4)
2025-11-24 18:14:05,416 - kripaa - INFO - Mapped Group 'Professional Risks and Account...' -> 'Clarification of the concepts' (Score: 0.67 | Tier: 0.65)
2025-11-24 18:14:05,418 - kripaa - INFO - Mapped Group 'Moral Absolutism...' -> 'Ethical terms' (Score: 0.66 | Tier: 0.65)
2025-11-24 18:14:05,420 - kripaa - INFO - Mapped Group 'Write two differences between ...' -> 'Clarification of the concepts' (Score: 0.43 | Tier: 0.4)
2025-11-24 18:14:05,421 - kripaa - INFO - Mapped Group 'The objective of Professional ...' -> 'Clarification of the concepts' (Score: 0.70 | Tier: 0.65)
2025-11-24 18:14:05,423 - kripaa - INFO - Mapped Group 'Differentiate Conceptual Enqui...' -> 'Types of inquiry' (Score: 0.60 | Tier: 0.5)
2025-11-24 18:14:05,428 - kripaa - INFO - Mapped Group 'An engineering professional sh...' -> 'Purpose and concept of Engineering Ethics' (Score: 0.56 | Tier: 0.5)
2025-11-24 18:14:05,430 - kripaa - INFO - Mapped Group '“A duty to recompense someone ...' -> 'Ethical Theories' (Score: 0.52 | Tier: 0.5)
2025-11-24 18:14:05,431 - kripaa - INFO - Mapped Group 'Which theory suggests that the...' -> 'Ethical Theories' (Score: 0.70 | Tier: 0.65)
2025-11-24 18:14:05,433 - kripaa - INFO - Mapped Group 'State two fundamental Duties o...' -> 'Personal and professional ethics' (Score: 0.51 | Tier: 0.5)
2025-11-24 18:14:05,434 - kripaa - INFO - Mapped Group 'Define Ethics....' -> 'Basic terms' (Score: 0.69 | Tier: 0.65)
2025-11-24 18:14:05,435 - kripaa - INFO - Mapped Group 'Mention two codes of Ethics of...' -> 'Purpose and concept of Engineering Ethics' (Score: 0.65 | Tier: 0.65)
2025-11-24 18:14:05,437 - kripaa - INFO - Mapped Group 'Compare the major ethical theo...' -> 'Ethical Theories' (Score: 0.73 | Tier: 0.65)
2025-11-24 18:14:05,438 - kripaa - INFO - Mapped Group 'What are the main functions of...' -> 'Different ethical issues' (Score: 0.35 | Tier: 0.3)
2025-11-24 18:14:05,440 - kripaa - INFO - Mapped Group 'What is Anthropocentrism?...' -> 'Ethical terms' (Score: 0.39 | Tier: 0.3)
2025-11-24 18:14:05,442 - kripaa - INFO - Mapped Group 'What is Surrogacy? Write two e...' -> 'Different ethical issues' (Score: 0.56 | Tier: 0.5)
2025-11-24 18:14:05,445 - kripaa - INFO - Mapped Group 'What are the key responsibilit...' -> 'Clarification of the concepts' (Score: 0.62 | Tier: 0.6)
2025-11-24 18:14:05,447 - kripaa - INFO - Mapped Group 'Give your views on regulatory ...' -> 'Issues in engineering ethics' (Score: 0.54 | Tier: 0.5)
2025-11-24 18:14:05,449 - kripaa - INFO - Mapped Group 'Write a short note on Piaget’s...' -> 'Moral development theories of Kohlberg and Piaget' (Score: 0.71 | Tier: 0.65)
2025-11-24 18:14:05,452 - kripaa - INFO - Mapped Group 'Define and explain the term em...' -> 'Basic terms' (Score: 0.66 | Tier: 0.65)
2025-11-24 18:14:05,453 - kripaa - INFO - Mapped Group 'Explain the variety of Moral I...' -> 'Different ethical issues' (Score: 0.67 | Tier: 0.65)
2025-11-24 18:14:05,455 - kripaa - INFO - Mapped Group 'Explain any one nuclear disast...' -> 'Issues in engineering ethics' (Score: 0.58 | Tier: 0.5)
2025-11-24 18:14:05,457 - kripaa - INFO - Mapped Group 'List the six freedoms guarante...' -> 'Governing factors of an individual's value system' (Score: 0.31 | Tier: 0.3)
2025-11-24 18:14:05,459 - kripaa - INFO - Mapped Group 'Providing for safety increases...' -> 'Safety, Risk, Understanding the risk, Over estimating the risk, Risk-benefit analysis' (Score: 0.62 | Tier: 0.6)
2025-11-24 18:14:05,461 - kripaa - INFO - Mapped Group 'Write Short Notes: a. MNCs, b....' -> 'Different ethical issues' (Score: 0.51 | Tier: 0.5)
2025-11-24 18:14:05,462 - kripaa - INFO - Mapped Group 'What are Moral Dilemmas?...' -> 'Ethical terms' (Score: 0.67 | Tier: 0.65)
2025-11-24 18:14:05,467 - kripaa - INFO - Mapped Group 'What do you mean by profession...' -> 'Clarification of the concepts' (Score: 0.67 | Tier: 0.65)
2025-11-24 18:14:05,469 - kripaa - INFO - Mapped Group 'How morality is different from...' -> 'Basic terms' (Score: 0.64 | Tier: 0.6)
2025-11-24 18:14:05,470 - kripaa - INFO - Mapped Group 'List the major problems in Env...' -> 'Different ethical issues' (Score: 0.60 | Tier: 0.5)
2025-11-24 18:14:05,472 - kripaa - INFO - Mapped Group 'Write briefly about Engineerin...' -> 'Engineering as social experimentation' (Score: 0.84 | Tier: 0.75)
2025-11-24 18:14:05,474 - kripaa - INFO - Mapped Group '_________ is a philosophy that...' -> 'View on ethics by Aristotle' (Score: 0.50 | Tier: 0.5)
2025-11-24 18:14:05,476 - kripaa - INFO - Mapped Group 'L. Kohlberg’s (1969) theory of...' -> 'Moral development theories of Kohlberg and Piaget' (Score: 0.70 | Tier: 0.65)
2025-11-24 18:14:05,478 - kripaa - INFO - Mapped Group 'The cultural, organizational, ...' -> 'Personal and professional ethics' (Score: 0.53 | Tier: 0.5)
2025-11-24 18:14:05,480 - kripaa - INFO - Mapped Group '_______________ occur as a res...' -> 'Clarification of the concepts' (Score: 0.48 | Tier: 0.4)
2025-11-24 18:14:05,483 - kripaa - INFO - Mapped Group 'Whistle blowing is the act of ...' -> 'Meaning and the significance of ethical codes' (Score: 0.43 | Tier: 0.4)
2025-11-24 18:14:05,485 - kripaa - INFO - Mapped Group '___________ ethics primarily d...' -> 'Ethical terms' (Score: 0.58 | Tier: 0.5)
2025-11-24 18:14:05,490 - kripaa - INFO - Mapped Group 'Moral Absolutism:
A) Global, s...' -> 'Ethical terms' (Score: 0.70 | Tier: 0.65)
2025-11-24 18:14:05,492 - kripaa - INFO - Mapped Group 'Which of the following stateme...' -> 'Purpose and concept of Engineering Ethics' (Score: 0.67 | Tier: 0.65)
2025-11-24 18:14:05,494 - kripaa - INFO - Mapped Group 'Which of the following is a cl...' -> 'Purpose and concept of Engineering Ethics' (Score: 0.62 | Tier: 0.6)
2025-11-24 18:14:05,496 - kripaa - INFO - Mapped Group 'Analyze global ethical issues ...' -> 'Different ethical issues' (Score: 0.63 | Tier: 0.6)
2025-11-24 18:14:05,498 - kripaa - INFO - Mapped Group 'Canonical Concept Stem: Critic...' -> 'Clarification of the concepts' (Score: 0.69 | Tier: 0.65)
2025-11-24 18:14:05,500 - kripaa - INFO - Mapped Group 'What is the purpose of Enginee...' -> 'Engineering as social experimentation' (Score: 0.72 | Tier: 0.65)
2025-11-24 18:14:05,501 - kripaa - INFO - Mapped Group 'What are the similarities in e...' -> 'Engineering as social experimentation' (Score: 0.64 | Tier: 0.6)
2025-11-24 18:14:05,503 - kripaa - INFO - Mapped Group 'Differentiating between a prof...' -> 'Clarification of the concepts' (Score: 0.62 | Tier: 0.6)
2025-11-24 18:14:05,504 - kripaa - INFO - Mapped Group 'Write down the different roles...' -> 'Different ethical issues' (Score: 0.48 | Tier: 0.4)
2025-11-24 18:14:05,505 - kripaa - INFO - Mapped Group 'What are the major skills requ...' -> 'Purpose and concept of Engineering Ethics' (Score: 0.53 | Tier: 0.5)
2025-11-24 18:14:05,511 - kripaa - INFO - Mapped Group 'Determinants of Individual’s v...' -> 'Governing factors of an individual's value system' (Score: 0.85 | Tier: 0.75)
2025-11-24 18:14:05,513 - kripaa - INFO - Mapped Group 'What do you mean by Descriptiv...' -> 'Ethical Theories' (Score: 0.58 | Tier: 0.5)
2025-11-24 18:14:05,515 - kripaa - INFO - Mapped Group 'Underestimating and overestima...' -> 'Safety, Risk, Understanding the risk, Over estimating the risk, Risk-benefit analysis' (Score: 0.67 | Tier: 0.65)
2025-11-24 18:14:05,517 - kripaa - INFO - Mapped Group 'The philosophical view that gi...' -> 'View on ethics by Aristotle' (Score: 0.50 | Tier: 0.4)
2025-11-24 18:14:05,519 - kripaa - INFO - Mapped Group 'Canonical Concept Stem: The co...' -> 'Ethical Theories' (Score: 0.60 | Tier: 0.6)
2025-11-24 18:14:05,520 - kripaa - INFO - Mapped Group 'Aristotelianism...' -> 'View on ethics by Aristotle' (Score: 0.66 | Tier: 0.65)
2025-11-24 18:14:05,522 - kripaa - INFO - Mapped Group 'Which of the following stateme...' -> 'Meaning and the significance of ethical codes' (Score: 0.53 | Tier: 0.5)
2025-11-24 18:14:05,524 - kripaa - INFO - Mapped Group 'Explain professional rights....' -> 'Clarification of the concepts' (Score: 0.65 | Tier: 0.65)
2025-11-24 18:14:05,526 - kripaa - INFO - Mapped Group 'Analyze environmental ethics....' -> 'Different ethical issues' (Score: 0.64 | Tier: 0.6)
2025-11-24 18:14:05,527 - kripaa - INFO - Mapped Group 'Analyze the steps of in confro...' -> 'Ethical terms' (Score: 0.64 | Tier: 0.6)
2025-11-24 18:14:05,532 - kripaa - INFO - Mapped Group 'Discuss the various types of I...' -> 'Different ethical issues' (Score: 0.57 | Tier: 0.5)
2025-11-24 18:14:05,534 - kripaa - INFO - Mapped Group 'Explain with example the vario...' -> 'Ethical Theories' (Score: 0.67 | Tier: 0.65)
2025-11-24 18:14:05,535 - kripaa - INFO - Mapped Group 'Describe professionalism is a ...' -> 'Clarification of the concepts' (Score: 0.69 | Tier: 0.65)
2025-11-24 18:14:05,537 - kripaa - INFO - Mapped Group 'Analyze the different types of...' -> 'Clarification of the concepts' (Score: 0.58 | Tier: 0.5)
2025-11-24 18:14:05,539 - kripaa - INFO - Mapped Group '_____________ is the illegal i...' -> 'Different ethical issues' (Score: 0.43 | Tier: 0.4)
2025-11-24 18:14:05,542 - kripaa - INFO - Mapped Group 'Which Model beliefs that indiv...' -> 'Basic terms' (Score: 0.55 | Tier: 0.5)
2025-11-24 18:14:05,543 - kripaa - INFO - Mapped Group 'How does bribe differ from gif...' -> 'Meaning and the significance of ethical codes' (Score: 0.65 | Tier: 0.65)
2025-11-24 18:14:05,545 - kripaa - INFO - Mapped Group 'Explain collegiality and loyal...' -> 'Clarification of the concepts' (Score: 0.51 | Tier: 0.5)
2025-11-24 18:14:05,547 - kripaa - INFO - Mapped Group 'Define empathy and spiritualit...' -> 'Basic terms' (Score: 0.54 | Tier: 0.5)
2025-11-24 18:14:05,549 - kripaa - INFO - Mapped Group 'Write the factors for safety a...' -> 'Safety, Risk, Understanding the risk, Over estimating the risk, Risk-benefit analysis' (Score: 0.66 | Tier: 0.65)
2025-11-24 18:14:05,554 - kripaa - INFO - Mapped Group 'Differentiate between technolo...' -> 'Different ethical issues' (Score: 0.46 | Tier: 0.4)
2025-11-24 18:14:05,557 - kripaa - INFO - Mapped Group 'Distinguish between personal e...' -> 'Personal and professional ethics' (Score: 0.74 | Tier: 0.65)
2025-11-24 18:14:05,558 - kripaa - INFO - Mapped Group 'Explain the principles of risk...' -> 'Safety, Risk, Understanding the risk, Over estimating the risk, Risk-benefit analysis' (Score: 0.63 | Tier: 0.6)
2025-11-24 18:14:05,560 - kripaa - INFO - Mapped Group 'Explain the need for ethical c...' -> 'Meaning and the significance of ethical codes' (Score: 0.77 | Tier: 0.75)
2025-11-24 18:14:05,562 - kripaa - INFO - Mapped Group 'Write IEEE and CSI. Why these ...' -> 'Clarification of the concepts' (Score: 0.44 | Tier: 0.4)
2025-11-24 18:14:05,567 - kripaa - INFO - Mapping complete. Mapped 115 groups. Breakdown: [>=0.75: 10, >=0.65: 32, >=0.6: 16, >=0.5: 38, >=0.4: 14, >=0.3: 5]
2025-11-24 18:14:05,569 - kripaa - INFO - ✓ Syllabus mapping complete
2025-11-24 18:14:05,570 - kripaa - INFO - === Step 6: Enhanced Trend Analysis ===
2025-11-24 18:14:05,572 - kripaa - INFO - Starting Trend Analysis for 2015-2024...
2025-11-24 18:14:15,072 - kripaa - INFO - Trend Analysis Complete. Snapshot ID: 05e76a8a-2fad-4ae1-8c76-7a3b9e070b54
2025-11-24 18:14:15,076 - kripaa - INFO - Identified 0 emerging and 0 declining topics.
2025-11-24 18:14:15,082 - kripaa - INFO - ✓ Trend analysis complete (Snapshot: 05e76a8a-2fad-4ae1-8c76-7a3b9e070b54)
2025-11-24 18:14:15,086 - kripaa - INFO - === Step 7: Multi-Temperature Question Generation ===
2025-11-24 18:14:15,089 - kripaa - INFO - Starting Multi-Section Ensemble Generation for 2025...
2025-11-24 18:14:15,196 - kripaa - INFO - Generating 30 candidates for Section A...
2025-11-24 18:15:13,299 - kripaa - INFO - Section A: 5/30 candidates generated
2025-11-24 18:16:02,339 - kripaa - INFO - Section A: 10/30 candidates generated
2025-11-24 18:17:11,971 - kripaa - INFO - Section A: 15/30 candidates generated
2025-11-24 18:17:57,002 - kripaa - INFO - Section A: 20/30 candidates generated
2025-11-24 18:18:14,282 - kripaa - INFO - Section A: 25/30 candidates generated
2025-11-24 18:18:29,298 - kripaa - INFO - Section A: 30/30 candidates generated
2025-11-24 18:18:29,302 - kripaa - INFO - Section A: Generated 30 candidates (strategy: {'H': 60, 'V': 25, 'N': 15}%)
2025-11-24 18:18:29,305 - kripaa - INFO - Generating 36 candidates for Section B...
2025-11-24 18:19:16,736 - kripaa - INFO - Section B: 5/36 candidates generated
2025-11-24 18:19:30,689 - kripaa - INFO - Section B: 10/36 candidates generated
2025-11-24 18:20:31,190 - kripaa - INFO - Section B: 15/36 candidates generated
2025-11-24 18:20:45,408 - kripaa - INFO - Section B: 20/36 candidates generated
2025-11-24 18:21:53,527 - kripaa - INFO - Section B: 25/36 candidates generated
2025-11-24 18:22:43,026 - kripaa - INFO - Section B: 30/36 candidates generated
2025-11-24 18:23:43,880 - kripaa - INFO - Section B: 35/36 candidates generated
2025-11-24 18:23:58,544 - kripaa - INFO - Section B: Generated 36 candidates (strategy: {'H': 40, 'V': 35, 'N': 25}%)
2025-11-24 18:23:58,546 - kripaa - INFO - Generating 15 candidates for Section C...
2025-11-24 18:25:16,003 - kripaa - INFO - Section C: 5/15 candidates generated
2025-11-24 18:27:08,998 - kripaa - INFO - Section C: 10/15 candidates generated
2025-11-24 18:28:38,242 - kripaa - INFO - Section C: 15/15 candidates generated
2025-11-24 18:28:38,245 - kripaa - INFO - Section C: Generated 15 candidates (strategy: {'H': 30, 'V': 30, 'N': 40}%)
2025-11-24 18:28:38,253 - kripaa - INFO - Generated 81 total candidates across all sections.
2025-11-24 18:28:38,254 - kripaa - INFO - Section A: 30, B: 36, C: 15
2025-11-24 18:28:38,257 - kripaa - INFO - ✓ Question generation complete (81 candidates)
2025-11-24 18:28:38,259 - kripaa - INFO - === Step 8: Section-Aware Voting ===
2025-11-24 18:28:38,260 - kripaa - INFO - Starting Section-Aware Voting for Snapshot 05e76a8a-2fad-4ae1-8c76-7a3b9e070b54...
2025-11-24 18:28:38,300 - kripaa - INFO - Total candidates: 81
2025-11-24 18:28:38,301 - kripaa - INFO - Section distribution: A=30, B=36, C=15
2025-11-24 18:28:38,303 - kripaa - INFO - Section A: Processing 30 candidates...
2025-11-24 18:28:38,306 - kripaa - INFO - Generating embedding for ac3bac0b-08e2-4c48-99a4-c31f1e3458a6...
2025-11-24 18:28:39,139 - kripaa - INFO - Generating embedding for e7df57a8-d2b0-4c38-8c37-d7ae34eeb713...
2025-11-24 18:28:39,867 - kripaa - INFO - Generating embedding for cf34da6d-3f22-45ab-bef6-63f82cbbd257...
2025-11-24 18:28:40,781 - kripaa - INFO - Generating embedding for d4b02d5e-ca01-43d0-8036-518ddcfa09ff...
2025-11-24 18:28:42,048 - kripaa - INFO - Generating embedding for f0c16968-90fe-4ab8-b8e2-f745a6844a94...
2025-11-24 18:28:43,380 - kripaa - INFO - Generating embedding for 07f33076-8576-4fc0-9e96-6b70212e0c30...
2025-11-24 18:28:44,455 - kripaa - INFO - Generating embedding for 9565a256-6b2f-4cc7-b8c5-eca35dace051...
2025-11-24 18:28:45,631 - kripaa - INFO - Generating embedding for 71554a31-e40d-4b8e-97a1-76082075dbdb...
2025-11-24 18:28:46,912 - kripaa - INFO - Generating embedding for fe53d2b7-8111-45ec-b223-f2625c9df5f6...
2025-11-24 18:28:47,711 - kripaa - INFO - Generating embedding for a5065b7d-d333-47fc-97cb-cc6f690d1b7b...
2025-11-24 18:28:48,828 - kripaa - INFO - Generating embedding for 837bb27a-3a7b-4c34-a101-2c4f528d9f4a...
2025-11-24 18:28:50,061 - kripaa - INFO - Generating embedding for 489bc546-d3e6-429b-838f-e9b09b410d81...
2025-11-24 18:28:51,388 - kripaa - INFO - Generating embedding for 103bcc7c-9df9-486c-81fc-f7d1f12e125a...
2025-11-24 18:28:52,667 - kripaa - INFO - Generating embedding for 72b838c5-de73-4f7a-9d1d-ee2480625405...
2025-11-24 18:28:53,738 - kripaa - INFO - Generating embedding for f474499e-f6c2-4fcf-9f61-db4a6cfb3744...
2025-11-24 18:28:54,917 - kripaa - INFO - Generating embedding for 1f3d1722-06d8-48ee-b223-fde0aedf9bfe...
2025-11-24 18:28:55,992 - kripaa - INFO - Section A: Selected 10/10
2025-11-24 18:28:55,994 - kripaa - INFO - Section B: Processing 36 candidates...
2025-11-24 18:28:55,996 - kripaa - INFO - Generating embedding for a580370e-e7ca-463c-a5de-90181e0717a2...
2025-11-24 18:28:56,785 - kripaa - INFO - Generating embedding for 69723613-ac74-4c92-90ca-85cf38830203...
2025-11-24 18:28:57,977 - kripaa - INFO - Generating embedding for 0356529e-f6bd-4e22-bce3-d74e3ddc705e...
2025-11-24 18:28:59,338 - kripaa - INFO - Generating embedding for 759b0cc5-8bd1-45a2-af07-3357891b0853...
2025-11-24 18:29:00,090 - kripaa - INFO - Generating embedding for 9465f33c-2268-42d0-b376-fa6fe91d60e0...
2025-11-24 18:29:01,304 - kripaa - INFO - Generating embedding for ba251a85-c251-4f0b-a6f5-1b77425841f8...
2025-11-24 18:29:02,575 - kripaa - INFO - Generating embedding for 16257e29-2c12-4c26-b3b3-82e4146897a3...
2025-11-24 18:29:03,842 - kripaa - INFO - Generating embedding for c65d148e-157c-43a0-82ee-3916e22a210b...
2025-11-24 18:29:05,025 - kripaa - INFO - Generating embedding for 1440cfdb-f42e-48d2-948b-87a157e2941b...
2025-11-24 18:29:06,149 - kripaa - INFO - Generating embedding for fc77fc26-d6a2-46ca-b9d8-a89de5a9dbe5...
2025-11-24 18:29:07,380 - kripaa - INFO - Generating embedding for 64b29414-5c24-4a4d-953f-17fad4484bda...
2025-11-24 18:29:08,654 - kripaa - INFO - Generating embedding for b3af7d5d-07ce-49a7-a18a-285909c9d33d...
2025-11-24 18:29:09,826 - kripaa - INFO - Generating embedding for a66bde31-4ea3-4a61-a1c7-d66abdbcc018...
2025-11-24 18:29:11,234 - kripaa - INFO - Generating embedding for 741e3129-65ac-4330-9f0f-c6bcade49b1c...
2025-11-24 18:29:12,509 - kripaa - INFO - Generating embedding for 12c1120c-155b-4d07-9e1b-8334ff0fa682...
2025-11-24 18:29:13,742 - kripaa - INFO - Generating embedding for 215005ba-9462-4fd6-8e7d-715475696f97...
2025-11-24 18:29:14,696 - kripaa - INFO - Generating embedding for c808d5d8-19bf-450d-b9a0-670f690ed7a4...
2025-11-24 18:29:15,811 - kripaa - INFO - Generating embedding for e0e7f582-70d5-4899-9dd8-7b68518f0c37...
2025-11-24 18:29:16,881 - kripaa - INFO - Generating embedding for c88e02dd-a6e1-485e-a53a-a57785267743...
2025-11-24 18:29:18,033 - kripaa - INFO - Generating embedding for 1bc022cd-ed6a-4565-afa1-9b41d40ddb6e...
2025-11-24 18:29:19,132 - kripaa - INFO - Section B: Selected 12/12
2025-11-24 18:29:19,135 - kripaa - INFO - Section C: Processing 15 candidates...
2025-11-24 18:29:19,138 - kripaa - INFO - Generating embedding for fa6e414c-e2f7-4aac-818e-15eef7d1f25e...
2025-11-24 18:29:20,357 - kripaa - INFO - Generating embedding for 34447695-a6f6-4c76-a5a2-a137c85ebce9...
2025-11-24 18:29:21,741 - kripaa - INFO - Generating embedding for 84360a10-2f91-4e76-83ff-bba772e154be...
2025-11-24 18:29:22,716 - kripaa - INFO - Generating embedding for 91c7a7ce-2a4a-4070-ba81-7523292472eb...
2025-11-24 18:29:23,983 - kripaa - INFO - Generating embedding for e8669b3e-0376-417a-8d52-f250e87274f5...
2025-11-24 18:29:25,128 - kripaa - INFO - Generating embedding for d5e5a8db-4352-4587-89c1-8c5c4268357b...
2025-11-24 18:29:26,541 - kripaa - INFO - Generating embedding for 00533c52-6eee-4e90-8c11-ba96cc2ccfb3...
2025-11-24 18:29:27,853 - kripaa - INFO - Generating embedding for b1aa138e-da81-4e50-ae4f-8da4d8e0669c...
2025-11-24 18:29:28,997 - kripaa - INFO - Generating embedding for 262b22fc-8cee-4e01-80e3-947ec953b7c6...
2025-11-24 18:29:30,093 - kripaa - INFO - Generating embedding for 07d956fc-82f3-41bf-a995-7e570aa806d6...
2025-11-24 18:29:31,079 - kripaa - INFO - Generating embedding for 60df8fde-ae11-4ae0-9e38-7cb351eacde3...
2025-11-24 18:29:32,347 - kripaa - INFO - Generating embedding for 671cd2cf-840d-4650-9af3-c2fce8787a55...
2025-11-24 18:29:33,480 - kripaa - INFO - Generating embedding for 3e021c3e-1e6f-4926-809a-d7114605ec8d...
2025-11-24 18:29:34,898 - kripaa - INFO - Section C: Selected 5/5
2025-11-24 18:29:34,956 - kripaa - INFO - Voting Complete. Total selected: 27
2025-11-24 18:29:34,958 - kripaa - INFO - Section A: 10, B: 12, C: 5
2025-11-24 18:29:34,960 - kripaa - INFO - ✓ Voting complete (27 questions selected)
2025-11-24 18:29:34,962 - kripaa - INFO - === Step 9: Sample Paper Generation ===
2025-11-24 18:29:34,964 - kripaa - INFO - Generating Sample Paper for Snapshot 05e76a8a-2fad-4ae1-8c76-7a3b9e070b54...
2025-11-24 18:29:34,997 - kripaa - INFO - Sample Paper 1e053cc5-6f33-4799-9c6f-344319c26e36 (v1) generated successfully.
2025-11-24 18:29:35,320 - kripaa - INFO - ✓ Sample paper generated (Paper ID: 1e053cc5-6f33-4799-9c6f-344319c26e36)
2025-11-24 18:29:35,322 - kripaa - INFO -   - output\generated_paper.md
2025-11-24 18:29:35,323 - kripaa - INFO -   - output\generated_paper.pdf
2025-11-24 18:29:35,324 - kripaa - INFO - === Step 10: Comprehensive Report Generation ===
2025-11-24 18:29:35,326 - kripaa - INFO - Generating Comprehensive Report...
2025-11-24 18:29:35,949 - kripaa - INFO - Comprehensive Report Generated: output\comprehensive_report.pdf
2025-11-24 18:29:35,951 - kripaa - INFO - ✓ Comprehensive report generated
2025-11-24 18:29:35,952 - kripaa - INFO -   - output\comprehensive_report.md
2025-11-24 18:29:35,953 - kripaa - INFO -   - output\comprehensive_report.pdf
2025-11-24 18:29:35,956 - kripaa - INFO - 
============================================================
2025-11-24 18:29:35,957 - kripaa - INFO - PIPELINE COMPLETE
2025-11-24 18:29:35,958 - kripaa - INFO - ============================================================
2025-11-24 18:29:35,959 - kripaa - INFO - ✓ All steps completed successfully!
2025-11-24 18:29:35,960 - kripaa - INFO - ✓ Generated paper: output/generated_paper.pdf
2025-11-24 18:29:35,961 - kripaa - INFO - ✓ Comprehensive report: output/comprehensive_report.pdf
2025-11-24 18:57:39,348 - kripaa - INFO - Starting Multi-Section Ensemble Generation for 2025...
2025-11-24 18:57:39,597 - kripaa - INFO - Generating 30 candidates for Section A...
2025-11-24 18:58:20,659 - kripaa - INFO - Section A: 5/30 candidates generated
2025-11-24 18:59:23,869 - kripaa - INFO - Section A: 10/30 candidates generated
2025-11-24 18:59:54,734 - kripaa - INFO - Section A: 15/30 candidates generated
2025-11-24 19:00:25,407 - kripaa - INFO - Section A: 20/30 candidates generated
2025-11-24 19:01:02,258 - kripaa - INFO - Section A: 25/30 candidates generated
2025-11-24 19:01:57,828 - kripaa - INFO - Section A: 30/30 candidates generated
2025-11-24 19:01:57,832 - kripaa - INFO - Section A: Generated 30 candidates (strategy: {'H': 60, 'V': 25, 'N': 15}%)
2025-11-24 19:01:57,836 - kripaa - INFO - Generating 36 candidates for Section B...
2025-11-24 19:02:41,756 - kripaa - INFO - Section B: 5/36 candidates generated
2025-11-24 19:03:13,476 - kripaa - INFO - Section B: 10/36 candidates generated
2025-11-24 19:04:08,446 - kripaa - INFO - Section B: 15/36 candidates generated
2025-11-24 19:05:18,838 - kripaa - INFO - Section B: 20/36 candidates generated
2025-11-24 19:06:35,081 - kripaa - INFO - Section B: 25/36 candidates generated
2025-11-24 19:08:06,951 - kripaa - INFO - Section B: 30/36 candidates generated
2025-11-24 19:09:21,142 - kripaa - INFO - Section B: 35/36 candidates generated
2025-11-24 19:09:36,938 - kripaa - INFO - Section B: Generated 36 candidates (strategy: {'H': 40, 'V': 35, 'N': 25}%)
2025-11-24 19:09:36,941 - kripaa - INFO - Generating 15 candidates for Section C...
2025-11-24 19:10:08,655 - kripaa - INFO - Section C: 5/15 candidates generated
2025-11-24 19:11:18,746 - kripaa - INFO - Section C: 10/15 candidates generated
2025-11-24 19:12:47,159 - kripaa - INFO - Section C: 15/15 candidates generated
2025-11-24 19:12:47,161 - kripaa - INFO - Section C: Generated 15 candidates (strategy: {'H': 30, 'V': 30, 'N': 40}%)
2025-11-24 19:12:47,169 - kripaa - INFO - Generated 81 total candidates across all sections.
2025-11-24 19:12:47,170 - kripaa - INFO - Section A: 30, B: 36, C: 15
2025-11-24 19:13:43,542 - kripaa - INFO - Starting Section-Aware Voting for Snapshot 05e76a8a-2fad-4ae1-8c76-7a3b9e070b54...
2025-11-24 19:13:43,728 - kripaa - INFO - Total candidates: 162
2025-11-24 19:13:43,730 - kripaa - INFO - Section distribution: A=60, B=72, C=30
2025-11-24 19:13:43,732 - kripaa - INFO - Section A: Processing 60 candidates...
2025-11-24 19:13:43,735 - kripaa - INFO - Generating embedding for daa64f7f-e32a-4be9-8db0-022a4080eac9...
2025-11-24 19:13:44,914 - kripaa - INFO - Generating embedding for a9020a30-20ed-46be-981d-ab73bc203e31...
2025-11-24 19:13:46,067 - kripaa - INFO - Generating embedding for da673980-3ea9-4481-b29a-f97c824235de...
2025-11-24 19:13:47,316 - kripaa - INFO - Generating embedding for b61a39f6-745d-4153-ab71-cf21164106cb...
2025-11-24 19:13:48,440 - kripaa - INFO - Generating embedding for 568942bb-30ec-4b79-958e-70e566236116...
2025-11-24 19:13:49,540 - kripaa - INFO - Generating embedding for 3a445ebe-5eec-4046-84b5-669a2882683c...
2025-11-24 19:13:50,655 - kripaa - INFO - Generating embedding for d87f09ea-2898-44c6-bb19-8c8187d59731...
2025-11-24 19:13:51,801 - kripaa - INFO - Generating embedding for 0f14dcab-577d-4281-9b58-0ffca05fdc97...
2025-11-24 19:13:53,076 - kripaa - INFO - Generating embedding for 146afa45-0523-4ab5-85ce-1211590454a6...
2025-11-24 19:13:54,219 - kripaa - INFO - Generating embedding for 076e2c53-8fa2-44f9-816f-f7697133bfd3...
2025-11-24 19:13:55,634 - kripaa - INFO - Generating embedding for 1063467c-9ae2-4714-9926-1ddc449f89b5...
2025-11-24 19:13:56,917 - kripaa - INFO - Generating embedding for 69f1d5f6-471d-48c3-a2e1-e8b1cf3334aa...
2025-11-24 19:13:58,098 - kripaa - INFO - Generating embedding for 22df6378-d6c0-4eae-8cfd-fc28360ca000...
2025-11-24 19:13:59,243 - kripaa - INFO - Generating embedding for 9a651d94-c95c-495f-9e12-a31d58a59331...
2025-11-24 19:14:00,323 - kripaa - INFO - Generating embedding for 640b18f9-1e37-4d27-aac4-55d20776ee14...
2025-11-24 19:14:01,430 - kripaa - INFO - Generating embedding for 3c94341d-22a6-464f-82ff-b2ddcffd25c9...
2025-11-24 19:14:02,213 - kripaa - INFO - Generating embedding for 5a0b2a29-a245-4f2d-b471-94fe34d86713...
2025-11-24 19:14:03,312 - kripaa - INFO - Section A: Selected 10/10
2025-11-24 19:14:03,313 - kripaa - INFO - Section B: Processing 72 candidates...
2025-11-24 19:14:03,315 - kripaa - INFO - Generating embedding for ccec2dec-6084-4647-8b59-182c18bbdca9...
2025-11-24 19:14:04,571 - kripaa - INFO - Generating embedding for 3bb3e697-d383-4655-afb4-3cc00987bba4...
2025-11-24 19:14:05,640 - kripaa - INFO - Generating embedding for 76dd009b-7d2e-41ea-969f-750736f8cc3c...
2025-11-24 19:14:06,782 - kripaa - INFO - Generating embedding for 42c84cb1-cb65-4a1f-a7fe-092512424977...
2025-11-24 19:14:07,872 - kripaa - INFO - Generating embedding for c59b822d-47af-48e3-97f3-758ef1663992...
2025-11-24 19:14:09,078 - kripaa - INFO - Generating embedding for edb16145-a11a-499d-9dc4-721cd0ea9011...
2025-11-24 19:14:10,228 - kripaa - INFO - Generating embedding for 19da8700-4f61-4628-bc5a-9eb61be7681c...
2025-11-24 19:14:11,366 - kripaa - INFO - Generating embedding for c06baf1f-f015-438d-bbeb-a5e4e7e4da02...
2025-11-24 19:14:12,497 - kripaa - INFO - Generating embedding for b68ef1c7-8b67-4860-8b84-2b92d5442bd3...
2025-11-24 19:14:13,884 - kripaa - INFO - Generating embedding for 38d7fb91-ab19-431a-a956-03666711548c...
2025-11-24 19:14:15,155 - kripaa - INFO - Generating embedding for 607296cd-eea3-449a-b4c6-5ae3f3c8198b...
2025-11-24 19:14:16,434 - kripaa - INFO - Generating embedding for 756c1ad1-3593-4b0f-88f6-e7b265d74f1a...
2025-11-24 19:14:17,722 - kripaa - INFO - Generating embedding for 159e0fcd-b338-483a-94c8-db9f2307cb8a...
2025-11-24 19:14:18,841 - kripaa - INFO - Generating embedding for ac8c3868-8b4b-4d02-84df-bd30379e62cb...
2025-11-24 19:14:19,609 - kripaa - INFO - Generating embedding for e593463e-3def-4ccb-8625-66fdd12ced38...
2025-11-24 19:14:20,721 - kripaa - INFO - Generating embedding for 0406ff6c-47cb-49b1-90f8-51bf67b53e8f...
2025-11-24 19:14:21,812 - kripaa - INFO - Generating embedding for 274166c6-4349-4b73-9aa5-c5764d899ecb...
2025-11-24 19:14:22,914 - kripaa - INFO - Generating embedding for 585b40cc-a169-4917-acfe-0af0d6472218...
2025-11-24 19:14:23,985 - kripaa - INFO - Generating embedding for ca6e5110-0152-4fa5-bcdf-59d01009c657...
2025-11-24 19:14:25,082 - kripaa - INFO - Generating embedding for 78e9a206-cddd-4e4c-903a-aa630990de62...
2025-11-24 19:14:26,032 - kripaa - INFO - Generating embedding for 24d3284e-49fa-496b-9190-089ffb2cc22f...
2025-11-24 19:14:27,137 - kripaa - INFO - Generating embedding for e2ae20d4-3a5e-490f-a3b7-a814debe5a14...
2025-11-24 19:14:28,275 - kripaa - INFO - Generating embedding for 067dbeec-edaa-41ea-b372-fa1cd926192e...
2025-11-24 19:14:29,555 - kripaa - INFO - Generating embedding for fa6748d3-8425-4758-b5c5-b3aba5e6215d...
2025-11-24 19:14:30,843 - kripaa - INFO - Generating embedding for c581fe14-1ad8-4c9d-820a-9d2906ad2135...
2025-11-24 19:14:31,957 - kripaa - INFO - Generating embedding for 743a0461-8dad-4c00-9913-ff2722013ec3...
2025-11-24 19:14:33,026 - kripaa - INFO - Section B: Selected 12/12
2025-11-24 19:14:33,028 - kripaa - INFO - Section C: Processing 30 candidates...
2025-11-24 19:14:33,030 - kripaa - INFO - Generating embedding for 4bb964c7-3f90-4c1d-a867-206d7811fe8d...
2025-11-24 19:14:34,035 - kripaa - INFO - Generating embedding for 6c457079-bd37-4fd3-8b86-56489f9d3e9e...
2025-11-24 19:14:35,316 - kripaa - INFO - Generating embedding for e0d55c49-eb7f-41f9-bb16-a6b40b0a2f2f...
2025-11-24 19:14:36,469 - kripaa - INFO - Generating embedding for 2704b737-c4eb-4640-92d3-27fb0f2f3fea...
2025-11-24 19:14:37,548 - kripaa - INFO - Generating embedding for 3f23a013-531c-49ba-9fb5-6fcedf91fe88...
2025-11-24 19:14:38,635 - kripaa - INFO - Generating embedding for e753dce5-06e8-423a-b6b6-149d4282eff1...
2025-11-24 19:14:39,389 - kripaa - INFO - Generating embedding for ad29c1f4-6b78-43de-9bdd-eb8b0df7bbb3...
2025-11-24 19:14:40,522 - kripaa - INFO - Generating embedding for 9d64a313-6c45-432a-9dad-3828e6290760...
2025-11-24 19:14:41,282 - kripaa - INFO - Generating embedding for dd0d1aaf-393e-47fb-b5bd-30caee88ee09...
2025-11-24 19:14:42,086 - kripaa - INFO - Generating embedding for 4221c9c2-f154-4ac1-bbf3-2d7cac931283...
2025-11-24 19:14:42,843 - kripaa - INFO - Generating embedding for bd53d000-49dd-4bc9-9332-821de3ec3617...
2025-11-24 19:14:43,599 - kripaa - INFO - Section C: Selected 5/5
2025-11-24 19:14:43,734 - kripaa - INFO - Voting Complete. Total selected: 27
2025-11-24 19:14:43,738 - kripaa - INFO - Section A: 10, B: 12, C: 5
2025-11-24 19:15:38,032 - kripaa - INFO - Generating Sample Paper for Snapshot 05e76a8a-2fad-4ae1-8c76-7a3b9e070b54...
2025-11-24 19:15:38,159 - kripaa - INFO - Sample Paper 5c706d7b-dfe1-4c11-80f2-0f20512032f1 (v2) generated successfully.
2025-11-24 19:15:57,249 - kripaa - INFO - Generating Comprehensive Report...
2025-11-24 19:15:57,971 - kripaa - INFO - Comprehensive Report Generated: comprehensive_report.pdf
2025-11-24 19:23:21,180 - kripaa - INFO - Generating Comprehensive Report...
2025-11-24 19:23:21,856 - kripaa - INFO - Comprehensive Report Generated: comprehensive_report.pdf
2025-11-24 19:24:04,167 - kripaa - INFO - Generating Comprehensive Report...
2025-11-24 19:24:04,849 - kripaa - INFO - Comprehensive Report Generated: comprehensive_report.pdf
2025-11-24 19:24:17,334 - kripaa - INFO - Generating Comprehensive Report...
2025-11-24 19:24:18,078 - kripaa - INFO - Comprehensive Report Generated: comprehensive_report.pdf
2025-11-24 19:25:35,228 - kripaa - INFO - Generating Comprehensive Report...
2025-11-24 19:25:35,929 - kripaa - INFO - Comprehensive Report Generated: comprehensive_report.pdf
2025-11-24 19:43:13,579 - kripaa - INFO - Generating Comprehensive Report...
2025-11-24 19:43:14,316 - kripaa - INFO - Comprehensive Report Generated: output\comprehensive_report.pdf
